0.00320343
0.00331358
0.00320565
0.00327226
0.00317402
0.00317116
0.00317875
0.00324153
0.00319256
0.0031667
0.00326294
0.00326013
0.00321894
0.00319285
0.00332302
0.00323276
0.00320378
0.00317652
0.00321142
0.00319613
0.00319533
0.00319987
0.00319552
0.00326226
0.00336929
0.00318749
0.00328004
0.00322213
0.00332522
0.00321923
0.00324427
0.00312025
0.00321957
0.00324882
0.00316245
0.0032546
0.00321127
0.0033067
0.0032349
0.00325215
0.00329094
0.0032459
0.00318736
0.00324005
0.00320103
0.00322585
0.00318302
0.00316598
0.00325131
0.00324617
0.00318646
0.00315776
0.00324439
0.00330861
0.00322998
0.00323568
0.00329124
0.0031903
0.00314886
0.0032369
0.00320406
0.00327305
0.00321385
0.00320413
0.00319636
0.00321802
0.00323373
0.00319114
0.00320391
0.00321346
0.00317271
0.00323442
0.00328094
0.00324517
0.00328495
0.00320793
0.0032281
0.00324251
0.00317881
0.00322821
0.00325056
0.00321939
0.00311709
0.00328648
0.00312008
0.00325618
0.00320881
0.00322969
0.00325392
0.0031745
0.00320881
0.00318599
0.00320013
0.00324874
0.00320398
0.00331523
0.00318921
0.0032424
0.00323607
0.00317396
0.00328933
0.00322355
0.00324414
0.00325478
0.00316829
0.00324905
0.00320967
0.00319246
0.00317233
0.00327743
0.00317838
0.00316703
0.00323414
0.00323429
0.00317881
0.00325067
0.00317858
0.00318525
0.0031425
0.00321783
0.00321399
0.00318881
0.00309655
0.00317581
0.00319071
0.00323627
0.00326316
0.00317795
0.00319806
0.00324346
0.00325506
0.00316829
0.00320058
0.00318466
0.00322955
0.00318624
0.00321529
0.00318647
0.00325156
0.00324388
0.00316735
0.00324934
0.00322145
0.00319356
0.00318515
0.00317426
0.00322121
0.0031865
0.0032139
0.00320363
0.00325083
0.00321345
0.00322486
0.00323304
0.003231
0.00322283
0.00320315
0.00324716
0.00320513
0.00319008
0.00325995
0.00315217
0.00320393
0.00315633
0.00330168
0.00323683
0.00321967
0.00323311
0.0031804
0.00317566
0.00319784
0.00320605
0.00312148
0.00315635
0.0032031
0.00325197
0.00323931
0.00320513
0.00321664
0.00329008
0.00323833
0.00322379
0.00326698
0.00323057
0.00319485
0.00322127
0.00320373
0.00321374
0.00321027
0.00320559
0.00325834
0.00326509
0.0032365
0.00324587
0.00320881
0.00324059
0.00321086
0.00322565
0.00320697
0.00320767
0.0032275
0.00320981
0.00319676
0.00319745
0.00324381
0.00318913
0.00323339
0.00320823
0.00319039
0.00325109
0.00320726
0.00318907
0.00323731
0.00319652
0.00321507
0.00314872
0.00317956
0.00324705
0.00322834
0.00329453
0.00322267
0.00321268
0.00321226
0.0032415
0.00325243
0.00318585
0.00312678
0.00315534
0.00319689
0.00310008
0.00316015
0.00326763
0.00322535
0.00320513
0.0032332
0.00320025
0.00332807
0.00321636
0.00331197
0.00318713
0.00329364
0.0032778
0.0032742
0.00320906
0.00321015
0.0031587
0.00328495
0.0032346
0.00320697
0.00329767
0.00323924
0.00325143
0.00319446
0.00323695
0.00319408
0.00326266
0.00328996
0.00310661
0.0032012
0.00320066
0.00318195
0.00317803
0.00321409
0.00326686
0.00325307
0.00316998
0.00318102
0.00322271
0.00314703
0.00328488
0.00317342
0.00323192
0.00325887
0.0032742
0.00320513
0.00312506
0.00325759
0.00319831
0.00318642
0.00321826
0.00318489
0.00327045
0.00313471
0.00320264
0.00321331
0.0032196
0.00319403
0.00318508
0.00322986
0.00319138
0.00315234
0.00327275
0.00316558
0.00328886
0.00330337
0.00320213
0.00311715
0.00327737
0.00321948
0.00326653
0.00324635
0.00322099
0.00322201
0.00317803
0.00321877
0.00327921
0.00320725
0.00318239
0.00322969
0.00320894
0.0031752
0.00316593
0.00319467
0.00319138
0.00320568
0.00318293
0.00323049
0.00324427
0.00323719
0.00320422
0.00324249
0.00317436
0.00325732
0.00321068
0.00321259
0.00323975
0.00323188
0.00327727
0.00324528
0.00313882
0.00319057
0.00325949
0.00321755
0.00322378
0.00324819
0.00319521
0.00326387
0.00320779
0.00320752
0.0032667
0.0031769
0.00316907
0.00321241
0.00323937
0.00318875
0.00322037
0.00326397
0.00317139
0.00323618
0.00323295
0.00324335
0.00322952
0.00326695
0.0032082
0.0032151
0.0031998
0.00317673
0.00326167
0.00323772
0.00324249
0.00321829
0.00328274
0.00326389
0.00320833
0.00322542
0.00317342
0.00324915
0.00314514
0.00322853
0.00324289
0.00320831
0.00321726
0.00313455
0.00326407
0.00320824
0.00322997
0.00320928
0.00316395
0.0032282
0.00313792
0.00322305
0.0032123
0.00322379
0.00324601
0.00318221
0.00323389
0.00324026
0.00321174
0.0032341
0.00326578
0.00326338
0.0032425
0.00320702
0.00328526
0.00327348
0.00320711
0.00324109
0.00323745
0.00321187
0.00315372
0.00321565
0.00324037
0.00325637
0.00325374
0.00325844
0.00320305
0.00324679
0.00331718
0.00324332
0.00322985
0.0031473
0.00326399
0.00322014
0.00314406
0.00326715
0.0032547
0.00332179
0.00321063
0.00318393
0.00322171
0.00324811
0.00332708
0.00329743
0.00319993
0.0031623
0.00317147
0.00320469
0.0032696
0.00324197
0.00327332
0.00321708
0.0031769
0.00324899
0.00320125
0.00322408
0.00326039
0.00320835
0.00316063
0.00323575
0.00320556
0.00319767
0.00322048
0.00326487
0.00325335
0.00323207
0.00320123
0.00319699
0.00320651
0.0032222
0.00326339
0.00323848
0.00313544
0.00319825
0.00316058
0.00317513
0.00320946
0.00333714
0.00323766
0.00322287
0.0032513
0.00326835
0.0032502
0.0031901
0.00323752
0.00327604
0.00332445
0.00329999
0.0031953
0.00318607
0.00324641
0.0031342
0.00322592
0.0031834
0.00324827
0.00325704
0.003245
0.00328934
0.0032253
0.00317875
0.00323495
0.00326111
0.00324158
0.00326474
0.00326136
0.00323002
0.00319001
0.00318671
0.00318432
0.00321011
0.00328211
0.0032203
0.00321945
0.00322463
0.00320746
0.00327934
0.00331519
0.00329202
0.00316916
0.0031442
0.00324803
0.00327832
0.00318898
0.00328319
0.00318073
0.0033106
0.0032068
0.00322862
0.00329581
0.00325064
0.00327491
0.00320212
0.00318697
0.00328478
0.00323264
0.00313926
0.0032724
0.00324097
0.00319049
0.003287
0.00318367
0.00327836
0.00321348
0.00317829
0.00320752
0.00321986
0.00315948
0.0032301
0.00321825
0.00326162
0.00321813
0.0032462
0.00321004
0.00316883
0.00330071
0.00324407
0.00320257
0.00328941
0.00328172
0.00319238
0.00321302
0.00320786
0.00322826
0.00326417
0.00315408
0.00319993
0.00320617
0.00328659
0.00326039
0.00323132
0.00325351
0.00322466
0.00320553
0.00325021
0.00319793
0.00332746
0.0032522
0.00327057
0.0031901
0.00323703
0.00325607
0.00320988
0.00323611
0.00325924
0.00324825
0.00321697
0.0032265
0.00317
0.00320343
0.00322504
0.0032432
0.0032108
0.0032345
0.00322355
0.00330728
0.00317522
0.00326537
0.00332229
0.0032304
0.0032115
0.00312995
0.00318647
0.00319466
0.00326524
0.00318102
0.00318647
0.00325969
0.00324378
0.00317507
0.00317763
0.00319694
0.00320089
0.00325997
0.00327793
0.0032282
0.00322355
0.00318768
0.00322791
0.00318232
0.00322355
0.00317013
0.00319929
0.0032125
0.00318148
0.00318269
0.00317136
0.00327791
0.00331039
0.00320036
0.00325177
0.00333955
0.00315146
0.00323873
0.00324364
0.00330801
0.00315585
0.00323214
0.00322355
0.00319835
0.00328407
0.00317238
0.00327276
0.00327254
0.00326399
0.00322829
0.00318901
0.00313412
0.00321017
0.00322092
0.0032261
0.00320765
0.00327249
0.00316266
0.00315994
0.00323029
0.00331841
0.00321685
0.00324975
0.00321728
0.00326211
0.00324261
0.00325788
0.00317934
0.00321609
0.00313779
0.00322804
0.00324716
0.0032135
0.00317238
0.00324998
0.00323124
0.00319883
0.00325444
0.00312662
0.00323562
0.00320605
0.00320614
0.00324197
0.00321937
0.0032313
0.0032541
0.00318021
0.00325981
0.00318205
0.00324981
0.00316147
0.00318651
0.00317503
0.00328083
0.00319446
0.00322396
0.00335198
0.00320892
0.00324421
0.0032257
0.00321804
0.00319285
0.00316957
0.00323596
0.00320901
0.00329518
0.00327259
0.00324683
0.00316529
0.00314693
0.00327349
0.00320513
0.00321238
0.00330101
0.00324197
0.00319339
0.00321652
0.00323049
0.00316362
0.00321945
0.00325338
0.00320554
0.0032716
0.00320602
0.00324435
0.00324254
0.0032889
0.003266
0.00324926
0.0032072
0.00327719
0.0032569
0.00319816
0.00319092
0.00324111
0.00322576
0.00327834
0.00330337
0.00326515
0.00319245
0.00320979
0.00320758
0.00320968
0.00322437
0.00318009
0.00317983
0.00320877
0.00318425
0.00325187
0.0031651
0.00323583
0.00331804
0.00323998
0.00316558
0.00316617
0.00322515
0.00314652
0.00330793
0.00328156
0.00328197
0.00326922
0.00320848
0.00326784
0.00317924
0.00319202
0.00324953
0.003238
0.00324197
0.00332649
0.00327498
0.00327647
0.00312007
0.00321338
0.00320465
0.00319899
0.00318574
0.00326382
0.00315805
0.0032375
0.00327307
0.00321632
0.00321901
0.00331345
0.00326604
0.00316539
0.00321942
0.00316215
0.00325374
0.00317527
0.00322969
0.00325728
0.00323122
0.00326516
0.0032233
0.003193
0.00313908
0.00324289
0.00330286
0.00321259
0.00317788
0.00324484
0.00322452
0.00320995
0.00330163
0.0033003
0.00320558
0.00321756
0.00323917
0.00326188
0.00314875
0.00325025
0.00320984
0.00322283
0.00324197
0.00323757
0.00326674
0.00325573
0.00321618
0.00320384
0.00326537
0.00319505
0.00318915
0.00320354
0.00320712
0.00322955
0.00320438
0.00320264
0.00328855
0.0032082
0.00323223
0.00321223
0.00319975
0.00320386
0.00323858
0.00328407
0.00320329
0.00328108
0.00320557
0.00325334
0.00322238
0.00309688
0.00324944
0.00320425
0.00324601
0.00323511
0.00321127
0.00313285
0.00330512
0.00320288
0.00324249
0.00324582
0.00328875
0.00320933
0.00313368
0.00323554
0.00322137
0.00327935
0.00321889
0.00320006
0.00333732
0.00321613
0.00324791
0.00324699
0.00327621
0.00321587
0.00322128
0.00321506
0.00323685
0.00328927
0.00319399
0.0032625
0.00323998
0.00323917
0.00323917
0.00320432
0.0032142
0.00319767
0.00319508
0.00318776
0.00321063
0.00331453
0.00327832
0.00327231
0.00319987
0.00330818
0.0031793
0.0032091
0.00320135
0.00315742
0.00328531
0.00317738
0.0032528
0.00319204
0.00313934
0.00322119
0.00319683
0.00327413
0.0032868
0.00319326
0.00328723
0.00324
0.00319173
0.00324524
0.00327789
0.00319659
0.00317348
0.00322708
0.00320095
0.00325
0.00318927
0.0032347
0.00324871
0.00325611
0.00318253
0.00319257
0.00321916
0.00325454
0.0032014
0.00319424
0.00321518
0.00317528
0.00322637
0.0033003
0.00317355
0.00322493
0.00316505
0.0032536
0.00327076
0.00322648
0.00329126
0.00314306
0.00320556
0.00328608
0.00325953
0.00319851
0.00315701
0.00320373
0.003176
0.00324003
0.00326011
0.00314226
0.00312281
0.00318203
0.00318184
0.00324148
0.00325922
0.0032136
0.00319318
0.00321183
0.00314751
0.0032617
0.00320062
0.0032268
0.00329404
0.00318799
0.00321102
0.00326754
0.00326435
0.00326636
0.00325451
0.00322331
0.00319151
0.00321455
0.00321424
0.00316829
0.00321604
0.00318353
0.0032588
0.00319603
0.00314145
0.00319727
0.00319191
0.00325764
0.00327539
0.00333706
0.00313969
0.00321709
0.00323052
0.0032072
0.00322376
0.00322192
0.00312151
0.00318355
0.00322955
0.00325568
0.0032551
0.00321314
0.00321964
0.0031635
0.00321596
0.00319548
0.00322429
0.00317349
0.00323276
0.003219
0.00320457
0.00322497
0.00318144
0.00318215
0.00325913
0.00326039
0.00321127
0.00321331
0.00318838
0.00324602
0.00314191
0.00323958
0.00320946
0.00318153
0.00321302
0.00318626
0.00313797
0.00318991
0.0032215
0.00330406
0.00325312
0.00321045
0.00324287
0.00324569
0.00319001
0.00317271
0.00326039
0.00320432
0.00325358
0.00319394
0.00322295
0.00319048
0.00315684
0.00318721
0.00318311
0.00325425
0.00328927
0.00320592
0.00317243
0.00320513
0.00321127
0.00315558
0.00317584
0.0032264
0.00322454
0.00322155
0.0032346
0.00316341
0.00318108
0.00315968
0.00326187
0.00326302
0.00319092
0.00325954
0.00321785
0.00321711
0.00323214
0.00322427
0.00323611
0.00321326
0.00324504
0.00321141
0.00318787
0.00324241
0.00318256
0.00313194
0.00322518
0.00320466
0.00315294
0.00319018
0.00321531
0.00316338
0.00321397
0.0031894
0.00317443
0.0032448
0.00322632
0.00320403
0.00314051
0.00320717
0.00319445
0.00321695
0.00322379
0.00328441
0.0032067
0.00325118
0.00324934
0.00319708
0.00324576
0.00319359
0.00321741
0.00317349
0.00323697
0.00322402
0.00316773
0.00317636
0.00324541
0.00322097
0.00325931
0.00315827
0.00326505
0.00328341
0.00325185
0.00319301
0.00315985
0.00325769
0.00329095
0.00322283
0.00325355
0.00319268
0.00318571
0.0032828
0.00323049
0.00315677
0.00328421
0.00319606
0.00318228
0.00318512
0.00318181
0.00318782
0.00321816
0.00319495
0.00319793
0.00325528
0.00326017
0.00323063
0.00317775
0.00327002
0.00310382
0.00322128
0.00316245
0.0032122
0.00323936
0.00323531
0.00323288
0.00317642
0.00320462
0.00323671
0.003122
0.00319216
0.00325001
0.00324109
0.00324511
0.00320164
0.00321653
0.00320201
0.00320558
0.00317057
0.00331306
0.00322969
0.00323113
0.00326315
0.00328197
0.00326407
0.00327785
0.00319689
0.0031525
0.00318246
0.00317499
0.00321525
0.00315665
0.00325787
0.00320178
0.0032477
0.00315138
0.00319631
0.00327363
0.00318377
0.00321937
0.00318112
0.00318138
0.00326909
0.00322631
0.00319481
0.00321596
0.00331607
0.00319398
0.00320133
0.00323478
0.00313361
0.00317177
0.00323309
0.00318148
0.0031655
0.00321725
0.00318503
0.0031996
0.00323687
0.00321596
0.0032906
0.00324691
0.00324243
0.00318282
0.00314153
0.00323013
0.00321039
0.00320214
0.00313853
0.00317403
0.00319822
0.00323049
0.00325047
0.00323812
0.00323442
0.00324669
0.00327881
0.00325242
0.00320458
0.00323839
0.00319362
0.00325893
0.00326744
0.00325797
0.00319341
0.00324878
0.00318806
0.00321628
0.00322655
0.00319024
0.00321969
0.00326514
0.00325928
0.00319319
0.00317197
0.00327598
0.00325507
0.00313336
0.00325706
0.00318356
0.00315784
0.00327105
0.00320559
0.00330857
0.00319964
0.0031444
0.00319191
0.00318695
0.00321341
0.00322662
0.00321608
0.00317188
0.0032556
0.00321986
0.0031742
0.00323016
0.00321682
0.00325528
0.00325729
0.00313498
0.00319317
0.00325925
0.0032203
0.00327295
0.00319092
0.00320877
0.00329825
0.00325578
0.00319303
0.00316184
0.0032066
0.00319498
0.00323809
0.00317539
0.00326083
0.00327926
0.00320753
0.0031177
0.00314987
0.00326314
0.00320597
0.0031996
0.00321571
0.00316954
0.00313649
0.00318057
0.0032147
0.0032497
0.00323503
0.00322005
0.00319727
0.00324779
0.00326683
0.00317479
0.00317952
0.00321829
0.00323954
0.00317267
0.00318482
0.00321434
0.00319432
0.00319543
0.00323105
0.0031066
0.00325455
0.00315586
0.00315237
0.00320158
0.00319852
0.0033089
0.00322826
0.00328455
0.00316145
0.00323002
0.00316873
0.00320209
0.00318717
0.003193
0.00322066
0.00320194
0.00327594
0.003267
0.00322355
0.00327386
0.00322753
0.00317584
0.00317881
0.00315706
0.00325363
0.00318302
0.00318242
0.00321794
0.00316627
0.00321503
0.00318921
0.00319022
0.00322827
0.00325276
0.00325374
0.00324896
0.00323677
0.00320097
0.0031693
0.00316101
0.00321127
0.00320396
0.00320554
0.00321613
0.00318999
0.00321529
0.00321099
0.00326167
0.00314054
0.00317112
0.00322437
0.00320611
0.00319226
0.00323862
0.00324905
0.00322822
0.00324346
0.00317636
0.00322611
0.00325131
0.00315339
0.00319317
0.0031602
0.00319136
0.00317066
0.00319699
0.00316538
0.00316517
0.00315554
0.00324827
0.00322937
0.00319164
0.00318264
0.00320563
0.00327935
0.00320555
0.00322486
0.00321756
0.00319341
0.00319126
0.00319193
0.00319733
0.00318581
0.00323414
0.00318817
0.00323503
0.0032081
0.00315534
0.00320472
0.00320267
0.00324295
0.0032696
0.00324391
0.00324881
0.00322831
0.00323702
0.00322983
0.00322355
0.00318193
0.00316506
0.00325568
0.0032263
0.00317679
0.00317804
0.00330022
0.00323709
0.00323574
0.00322969
0.00320468
0.00324652
0.00322536
0.00319375
0.00326279
0.00327554
0.00323394
0.00331129
0.00320675
0.00322004
0.00318974
0.00318909
0.00317092
0.00318168
0.00320167
0.00329221
0.00322183
0.00319683
0.00324943
0.00324152
0.00316874
0.0031658
0.0032115
0.00317615
0.00318057
0.00322355
0.00326937
0.00316233
0.00325376
0.00320097
0.00317575
0.00317601
0.00322054
0.00318421
0.00318739
0.0032124
0.00312718
0.0032361
0.00318922
0.00321722
0.00325523
0.00323773
0.0031786
0.0032373
0.00319122
0.00316707
0.00325409
0.00322774
0.00315801
0.00322309
0.00318057
0.00318646
0.00320174
0.00319269
0.0033205
0.00323665
0.00322938
0.00322952
0.00318466
0.0032163
0.00326738
0.00317829
0.00326821
0.00317636
0.00319285
0.00321679
0.00327117
0.00318962
0.0032019
0.00321558
0.00324312
0.00319843
0.00319454
0.00318711
0.0031557
0.00320022
0.00324606
0.00319271
0.00323344
0.00324145
0.00317503
0.00326039
0.00322527
0.00327546
0.00322939
0.00326896
0.00323946
0.00325006
0.00324151
0.00319776
0.00313193
0.00318718
0.00322988
0.00317234
0.00314987
0.00320229
0.00321512
0.00323043
0.00326907
0.00319776
0.00323105
0.00317443
0.00317329
0.00320653
0.00320337
0.00320949
0.00325105
0.00317125
0.00321503
0.00317267
0.00320881
0.0031697
0.00326366
0.00323357
0.00320257
0.00319071
0.00324197
0.00326711
0.00319508
0.00323167
0.00318503
0.00314329
0.00325931
0.00319839
0.00322986
0.00321179
0.00322677
0.00323975
0.00321526
0.0031838
0.0032244
0.00316705
0.00314854
0.00320755
0.00322004
0.00315742
0.00322849
0.00325131
0.00316326
0.00314618
0.00316215
0.00313235
0.00325643
0.00321698
0.00327439
0.00328094
0.00318278
0.00325809
0.00323052
0.00323828
0.00312517
0.00318907
0.00320513
0.00316224
0.00317315
0.00321599
0.00328264
0.00320189
0.0032394
0.0031411
0.00317829
0.00325497
0.00316559
0.00322953
0.0032043
0.00315383
0.00320409
0.00322229
0.00320313
0.00319251
0.00329555
0.0032125
0.00327381
0.003268
0.00316871
0.00320877
0.00316829
0.00316409
0.00327997
0.00316687
0.00322421
0.00321954
0.00326509
0.00327252
0.00323287
0.00318621
0.00317041
0.00317031
0.00324801
0.00322674
0.00317584
0.0032125
0.0032463
0.00322512
0.00326125
0.00313823
0.00319813
0.00319299
0.00323695
0.00321608
0.00317362
0.00319213
0.00317765
0.00324024
0.00319048
0.00326184
0.0032193
0.0032026
0.00323364
0.00318088
0.0032434
0.00318751
0.00316829
0.00320017
0.00322934
0.00319853
0.00321969
0.00323388
0.0031487
0.00319004
0.00319298
0.00326013
0.00324148
0.00323211
0.0032274
0.00323347
0.00320296
0.00323824
0.00317367
0.00323823
0.00313535
0.00316741
0.00320291
0.00318722
0.00316989
0.00325202
0.00322098
0.00313276
0.00320592
0.00313853
0.00325294
0.00325617
0.00321916
0.00326581
0.00326706
0.00321111
0.00319536
0.00319223
0.0031714
0.00316874
0.00318875
0.00323396
0.00319001
0.00315238
0.00322141
0.00324062
0.0032672
0.00327662
0.00327017
0.00313891
0.0032914
0.00323509
0.00323378
0.00325578
0.00317864
0.00320598
0.00322751
0.0032757
0.00325318
0.00314858
0.00319757
0.00319987
0.00321954
0.00322853
0.00318863
0.00318551
0.00315057
0.00319343
0.00320464
0.00323288
0.00322326
0.00322884
0.00318455
0.00325841
0.00329241
0.00327687
0.00321453
0.00317267
0.00321325
0.00320938
0.00324239
0.00319768
0.00322865
0.00324057
0.00316786
0.00317122
0.00316316
0.00330839
0.00323368
0.0030614
0.00323167
0.00319453
0.00327743
0.00323431
0.00321618
0.00319806
0.00315852
0.00321474
0.00317017
0.00325425
0.00322682
0.00318928
0.00316465
0.00323886
0.00321622
0.00316919
0.00315843
0.00318843
0.00326702
0.00315668
0.00324652
0.00326294
0.00328802
0.00320735
0.00316101
0.00324155
0.00320729
0.00323357
0.0032532
0.0032255
0.00319899
0.00317731
0.00326524
0.00318671
0.00321638
0.00318642
0.00322226
0.00318088
0.00317983
0.00320347
0.00319767
0.00315895
0.00323347
0.00322853
0.00323021
0.00323964
0.00323576
0.00318302
0.00317683
0.00325845
0.00325698
0.00321305
0.00316573
0.0031946
0.00331788
0.00320355
0.0032017
0.00324697
0.00325172
0.00324101
0.00319362
0.00319252
0.00316387
0.00320034
0.00325604
0.00324132
0.00318193
0.00318011
0.00317289
0.00319838
0.00323347
0.00320461
0.00317426
0.00319605
0.00316375
0.00324049
0.00322258
0.00322355
0.00323108
0.00329448
0.00319125
0.00329091
0.00325054
0.00313908
0.00319969
0.00325131
0.00326359
0.00312252
0.00318894
0.00321223
0.00318551
0.00316358
0.00318521
0.00323736
0.00321495
0.00324247
0.00316829
0.0031763
0.00316549
0.00324772
0.00317612
0.00315489
0.00329042
0.00317821
0.00320063
0.00318964
0.00317295
0.00320037
0.00327697
0.00317822
0.00313594
0.00323396
0.00320768
0.00322996
0.00322692
0.00315435
0.00315287
0.00321108
0.00323443
0.00321518
0.00321401
0.0032497
0.00328197
0.00318624
0.0032505
0.00320462
0.00310725
0.00311329
0.00315412
0.00318302
0.00318737
0.00314032
0.00327035
0.00319965
0.00317387
0.00323866
0.003193
0.00323887
0.00321007
0.00319796
0.00317834
0.00329244
0.00321366
0.00318898
0.00315389
0.00328586
0.0031903
0.00323851
0.00332218
0.00317227
0.00324057
0.00319684
0.00327406
0.00322969
0.00310479
0.00321172
0.00316967
0.00324811
0.0031424
0.0032125
0.00316871
0.00324257
0.00323682
0.00319636
0.00322235
0.00318964
0.0032363
0.00324698
0.00321444
0.00323092
0.0032139
0.003208
0.00319255
0.00321546
0.00326551
0.00319756
0.00316235
0.0031895
0.00328626
0.0031827
0.00318595
0.00324249
0.00318732
0.00318168
0.00320746
0.00318371
0.00320617
0.00321266
0.0031919
0.0031994
0.00320299
0.00322079
0.0031697
0.00324342
0.0032019
0.003147
0.00318969
0.00316125
0.00314654
0.00323819
0.00318779
0.00318408
0.00323978
0.00314703
0.00317848
0.00319217
0.00317636
0.00314185
0.00320001
0.00313294
0.00313055
0.00319483
0.00324752
0.00313549
0.00316276
0.00319218
0.00329585
0.0032075
0.00323343
0.00323132
0.00323428
0.00321953
0.00323256
0.00313308
0.00320468
0.00314319
0.00322463
0.00315453
0.0032056
0.00322985
0.00312752
0.00320617
0.00328326
0.00324699
0.0031836
0.00318041
0.00322022
0.00321019
0.00320755
0.00328572
0.00318088
0.00319225
0.00319541
0.00318779
0.00319013
0.00321183
0.00319367
0.00327057
0.00317864
0.00322865
0.00322769
0.00323186
0.00323575
0.0033186
0.00321872
0.00319495
0.00324565
0.00318286
0.00326679
0.00318203
0.0032204
0.00314643
0.00316341
0.00323663
0.00318697
0.00319528
0.00320586
0.00312995
0.00317482
0.00325144
0.00321842
0.0033037
0.00316321
0.00319604
0.00320787
0.00324565
0.00325704
0.00316395
0.00316532
0.00320824
0.00314493
0.00323972
0.00328127
0.00320371
0.00319843
0.00321099
0.00314845
0.00320052
0.00318507
0.0031767
0.00316398
0.00323116
0.00320183
0.00318826
0.00314197
0.0032109
0.00324378
0.0032195
0.00330439
0.00313941
0.00322593
0.00323287
0.00327062
0.00330404
0.00329868
0.00316907
0.0033032
0.0032447
0.00318855
0.00310533
0.00323002
0.00322535
0.00322146
0.00318375
0.00318471
0.00328176
0.00320125
0.00322638
0.00324891
0.00319067
0.00319395
0.003195
0.00318141
0.00319096
0.00319891
0.00319943
0.00326234
0.00324615
0.00312848
0.00323642
0.00319007
0.00315795
0.00326808
0.00309675
0.00323945
0.00321757
0.00320029
0.0032154
0.00322767
0.00313439
0.00320513
0.00324247
0.00324368
0.00322658
0.00318311
0.00314987
0.00320302
0.00321052
0.0032127
0.00324537
0.00319423
0.0032099
0.00324065
0.00330037
0.00316465
0.00321672
0.0033305
0.0031903
0.00323718
0.00309956
0.00312165
0.00324053
0.00326281
0.00326353
0.00315268
0.00325567
0.00318671
0.00326635
0.00314405
0.00319816
0.00320704
0.00318843
0.00321703
0.00318011
0.00322034
0.00315702
0.0032179
0.00316593
0.00323697
0.00322033
0.00319092
0.00311255
0.00312075
0.00320355
0.00317375
0.00322901
0.00327965
0.00319343
0.00316867
0.00319107
0.00320557
0.00325546
0.00322402
0.0032194
0.00320471
0.00317959
0.00319453
0.00325215
0.0031816
0.00323603
0.00318941
0.00320337
0.00320949
0.00315489
0.00316663
0.00322685
0.00313574
0.00317852
0.00324953
0.0032615
0.00324561
0.00323414
0.00319285
0.00320178
0.00322929
0.00322227
0.00326515
0.00323503
0.0031592
0.00321499
0.0031873
0.00320513
0.00323357
0.00319062
0.00321294
0.00321293
0.00318691
0.00322559
0.00332218
0.00321503
0.00320655
0.00316508
0.00322079
0.00326638
0.00323819
0.00323029
0.00324243
0.00319285
0.00324991
0.00320013
0.00323906
0.00323304
0.00316092
0.0032562
0.00320034
0.00318191
0.00320597
0.00322597
0.00321776
0.00329058
0.00319785
0.00322715
0.00321774
0.00314108
0.00323858
0.00322332
0.00310829
0.00315667
0.00324819
0.00321274
0.00325215
0.00321829
0.00320898
0.00319899
0.00321559
0.00319178
0.00324427
0.00325081
0.00322378
0.00329344
0.00321816
0.00323451
0.003266
0.00321907
0.00318155
0.00327291
0.00316649
0.00318557
0.00324522
0.00322333
0.00322145
0.00317164
0.00321945
0.00321958
0.00319114
0.00319356
0.00308323
0.00321901
0.00323802
0.0031968
0.00320513
0.00322483
0.00320513
0.00323583
0.00323262
0.00325034
0.00321239
0.0032369
0.00327426
0.0032473
0.00326061
0.0031816
0.00322716
0.00326591
0.00316679
0.00321296
0.00317548
0.00318491
0.00314475
0.00316362
0.00319177
0.00328273
0.0032265
0.0032776
0.00325232
0.00322939
0.00317621
0.00315267
0.00317841
0.00319408
0.00324472
0.00318043
0.00320028
0.00317185
0.0031848
0.00320662
0.00317938
0.00327746
0.00322277
0.00323823
0.0031972
0.00328327
0.00325614
0.00326039
0.003225
0.00319892
0.00324283
0.00318487
0.00327662
0.00318562
0.00324523
0.00327563
0.00324888
0.00326666
0.00321455
0.00319707
0.00322018
0.00327881
0.00317171
0.00318671
0.00319546
0.00316429
0.00321945
0.0031804
0.00320705
0.00320043
0.00319077
0.00319655
0.00325441
0.00319318
0.0032261
0.00319543
0.00322731
0.00327153
0.00314644
0.00319008
0.00321848
0.003195
0.00320242
0.00314489
0.00318159
0.00315093
0.00325324
0.0032523
0.00316829
0.00322483
0.00319022
0.00327685
0.00320296
0.00330705
0.00316709
0.00318181
0.00323758
0.00322954
0.0031759
0.0032333
0.0031469
0.00314912
0.00325302
0.00321223
0.00317881
0.00325095
0.00317928
0.00326327
0.00325533
0.00321587
0.00322456
0.00323197
0.00327608
0.00318646
0.00321589
0.00322888
0.00323955
0.00319605
0.00321407
0.00327635
0.00323378
0.00325297
0.00314857
0.00321877
0.00315458
0.00316124
0.00319007
0.00321722
0.00320473
0.00321166
0.00327881
0.00320758
0.00313445
0.0032072
0.00326085
0.00328474
0.00320727
0.00322421
0.00319825
0.00326119
0.00323419
0.00323788
0.00318414
0.00319259
0.00313404
0.0032498
0.00320103
0.00317482
0.00321923
0.00323384
0.00320776
0.00322733
0.00327472
0.00320353
0.00318693
0.00320158
0.00318529
0.00319412
0.00323132
0.00319494
0.00324406
0.00327662
0.00321015
0.00319169
0.00324504
0.00315754
0.00319906
0.0032446
0.00319207
0.00326887
0.0032362
0.00317948
0.00326384
0.00320752
0.00314036
0.00323677
0.00315918
0.00317278
0.00324021
0.00319347
0.00322195
0.00325686
0.00321076
0.00322308
0.00320287
0.0031995
0.0032315
0.00318519
0.00320394
0.00320962
0.0031828
0.00319953
0.00329416
0.00319039
0.00321725
0.00321948
0.00315387
0.00322298
0.00322275
0.00322075
0.00321945
0.00318624
0.00325558
0.00321017
0.00322037
0.00323611
0.0032275
0.003225
0.00322161
0.00323301
0.00319737
0.00323802
0.00312772
0.00318511
0.0031515
0.00318632
0.00313998
0.00323264
0.00326618
0.00324565
0.00313253
0.00321994
0.00319323
0.00319923
0.00316223
0.00317604
0.00324916
0.00326841
0.00313785
0.00318343
0.00319266
0.00322425
0.00323452
0.0032181
0.00325662
0.00322777
0.00319177
0.00318197
0.00320772
0.00322232
0.00317881
0.00320551
0.00311462
0.00317279
0.00322445
0.00321741
0.00322485
0.00324031
0.00319064
0.00327068
0.00323805
0.00323943
0.00322024
0.00319238
0.00317428
0.00329079
0.00326653
0.00317002
0.00319164
0.00318716
0.00318512
0.00327996
0.00325846
0.00322474
0.00317051
0.00330369
0.00325356
0.003212
0.00325867
0.00320243
0.00319737
0.00326572
0.00319853
0.00315391
0.00324035
0.00323684
0.0032508
0.00318647
0.00323441
0.00322735
0.00324803
0.00323834
0.00322486
0.00323238
0.00323315
0.00327267
0.00322504
0.00326063
0.00316132
0.00325565
0.00321183
0.00318476
0.00319546
0.00317679
0.00322032
0.0032222
0.00319489
0.00324049
0.00323654
0.00319063
0.00319723
0.00331607
0.00322098
0.0031442
0.00320462
0.0032268
0.00317098
0.00323347
0.00321529
0.00318855
0.003176
0.00325225
0.00315371
0.00314664
0.00326448
0.00319907
0.00321802
0.00323642
0.00316718
0.00320513
0.00322443
0.00321638
0.00314648
0.00321076
0.00324335
0.00322826
0.00326572
0.00315479
0.0032672
0.00317155
0.00325249
0.00329074
0.00328514
0.00324729
0.00320852
0.00318722
0.00322902
0.00319299
0.0032
0.00319301
0.00317074
0.00320857
0.00319334
0.00326629
0.00322463
0.00317907
0.0032606
0.00319671
0.00325776
0.00323368
0.0032778
0.00326039
0.00319892
0.00318454
0.00321422
0.00317726
0.00319572
0.00320019
0.00326971
0.00324847
0.00316931
0.00321397
0.00316918
0.00331928
0.00325105
0.00324736
0.00326389
0.0031746
0.00323051
0.0032255
0.00327179
0.00314373
0.00319592
0.00321536
0.0032753
0.00319355
0.00327518
0.00329951
0.00318941
0.00327238
0.0032334
0.00320286
0.00327207
0.0032001
0.00323452
0.00319206
0.00322097
0.00318722
0.00321842
0.00321232
0.00323527
0.00322733
0.003219
0.00323623
0.00317535
0.00329777
0.00321453
0.00327076
0.00321986
0.00323138
0.00319883
0.0031827
0.00320331
0.00318696
0.00324359
0.00320319
0.00316665
0.00326855
0.00323276
0.00321065
0.00317127
0.00320387
0.00322654
0.00320298
0.00325292
0.00329093
0.00317706
0.00321711
0.00321975
0.00320912
0.0031635
0.00317375
0.00320457
0.00323726
0.00322662
0.00321525
0.00321533
0.00317584
0.00318435
0.00317342
0.00325584
0.00319341
0.00322429
0.00325931
0.00318073
0.00315695
0.0032346
0.00329225
0.00321667
0.00314124
0.00319699
0.00320928
0.00314881
0.00317363
0.00318875
0.00328184
0.00321033
0.00329153
0.00322872
0.00324051
0.00314987
0.00323351
0.00320749
0.00324013
0.00322953
0.00316444
0.00321656
0.00325593
0.00322541
0.00319936
0.00319039
0.00330225
0.0033625
0.00321141
0.00322171
0.00330305
0.00321409
0.00329187
0.00328054
0.00320864
0.00322254
0.00324553
0.00315264
0.00320118
0.00325064
0.0031579
0.0032726
0.0032278
0.00325425
0.00324197
0.00317323
0.00317392
0.0032025
0.00318129
0.00321444
0.0033141
0.00319349
0.00328607
0.00320796
0.00323243
0.00324019
0.00323265
0.00322071
0.00319787
0.0031918
0.00323758
0.00322857
0.00323431
0.00313653
0.00317771
0.00321259
0.00323583
0.00327723
0.00319776
0.00322733
0.00318721
0.00318008
0.00316471
0.00316874
0.00321541
0.00317652
0.00322098
0.00317849
0.00320633
0.0031281
0.00318186
0.00319809
0.0033023
0.00325446
0.00320464
0.00321434
0.00325036
0.00318621
0.00320602
0.00325269
0.00317824
0.00323663
0.00314729
0.00323677
0.00316598
0.00322493
0.00325489
0.00319131
0.00327638
0.0031795
0.00324197
0.00322488
0.00323394
0.00321118
0.00328341
0.00322411
0.00323621
0.00324073
0.00325578
0.00325054
0.00323777
0.00327839
0.00318183
0.0032247
0.00318521
0.00323296
0.00323763
0.00315408
0.00323671
0.003241
0.00319408
0.00320908
0.00320353
0.00323324
0.00320325
0.0032513
0.00322217
0.0032742
0.00321072
0.00319787
0.00317593
0.00326338
0.00328674
0.00319995
0.00323116
0.00321924
0.00316506
0.00324896
0.00327331
0.00321709
0.00323519
0.00317716
0.00315897
0.00316558
0.00317313
0.00321434
0.00325711
0.00324197
0.00317943
0.00320349
0.00328836
0.00327586
0.00319971
0.00333161
0.00322027
0.00326667
0.0031919
0.00316265
0.00327206
0.00323706
0.00316631
0.00320811
0.00326533
0.00324739
0.00325144
0.00323862
0.00319356
0.00321713
0.00323862
0.00316067
0.00323828
0.00312159
0.00326014
0.00319909
0.00319694
0.00321681
0.0032084
0.00323858
0.00320006
0.003301
0.00321995
0.00321986
0.00319848
0.0031883
0.00318609
0.00320715
0.00326442
0.00320787
0.00322443
0.00322329
0.00320565
0.00320927
0.00320726
0.00319049
0.0032098
0.00328429
0.00314009
0.00323753
0.00323794
0.00321785
0.00324504
0.00325859
0.00321565
0.00325478
0.0032454
0.00320853
0.00318824
0.00324622
0.00319285
0.00320801
0.00332363
0.00316215
0.00327201
0.00324879
0.00318847
0.00313326
0.00319533
0.00327096
0.00325152
0.00326816
0.00326771
0.0032047
0.00319754
0.00319433
0.00318796
0.00319922
0.00321571
0.00329184
0.00317762
0.00319899
0.00320901
0.00321995
0.00317718
0.00325007
0.0031886
0.00317527
0.0032719
0.00321671
0.00326063
0.00319708
0.00327328
0.00321581
0.00318934
0.00325249
0.00321127
0.00319312
0.00328296
0.00324993
0.00321676
0.00323276
0.00323671
0.00328098
0.00316626
0.00320784
0.00319548
0.00322827
0.00311411
0.00325154
0.00326555
0.00322121
0.00329216
0.00317348
0.00315832
0.00319087
0.00325661
0.00322623
0.00321856
0.00326066
0.00322132
0.00312126
0.0032142
0.00320329
0.00318346
0.00316996
0.00327502
0.00320473
0.00319936
0.00324242
0.00327967
0.003232
0.00315517
0.00322209
0.00323937
0.00323469
0.00323837
0.00320855
0.00322733
0.00324576
0.00322541
0.0031972
0.00326164
0.00321839
0.003195
0.00322666
0.00322638
0.00322954
0.0032676
0.00317295
0.00324643
0.00324294
0.00317202
0.00322739
0.00317243
0.00314079
0.00319131
0.00324663
0.00316642
0.00310449
0.00329853
0.00316173
0.00328674
0.00326398
0.00316512
0.00318557
0.00317679
0.00316207
0.00310311
0.00320259
0.00330288
0.00319454
0.00315442
0.00326771
0.00318797
0.00320922
0.00318126
0.00322205
0.0032473
0.00320319
0.00319103
0.0031823
0.00319735
0.00325215
0.00321608
0.00324197
0.00321216
0.00322998
0.00325001
0.00326294
0.00317924
0.00320816
0.00321782
0.00328386
0.00320173
0.00320602
0.0031816
0.00325378
0.0032454
0.00313974
0.0032567
0.00320418
0.00312796
0.00323192
0.00317693
0.00317715
0.00319548
0.00320394
0.00322815
0.00319004
0.00326197
0.00324832
0.00321059
0.00317822
0.00324611
0.00324528
0.00326668
0.00316578
0.00313774
0.00323102
0.00322145
0.00319666
0.00318607
0.00323549
0.00325769
0.00315433
0.00321952
0.00324019
0.00324241
0.00315936
0.00325901
0.0032291
0.00315843
0.00314315
0.0031801
0.00315385
0.00326949
0.00322515
0.00325269
0.00313467
0.00324571
0.00324059
0.00317912
0.00326177
0.00327508
0.00323906
0.00323212
0.00332724
0.00323327
0.00315724
0.00318044
0.00316501
0.0032346
0.00319239
0.00322111
0.0031692
0.0032136
0.00326231
0.00321986
0.00323487
0.0032177
0.00323758
0.00322871
0.00322314
0.00323522
0.0032639
0.00318725
0.00325047
0.00318057
0.00315256
0.00319933
0.00320594
0.00319831
0.00321802
0.00323192
0.00323063
0.00318776
0.00319929
0.00320144
0.00322511
0.00313564
0.00327605
0.00319478
0.00322478
0.00321422
0.0032214
0.00315933
0.00323591
0.00324484
0.0032824
0.00323664
0.00317045
0.00318197
0.00322657
0.00331265
0.00325064
0.00319099
0.00329514
0.00329374
0.00320922
0.00324105
0.00322068
0.00322113
0.00321638
0.00321337
0.00318284
0.00327881
0.00320046
0.00318959
0.00320426
0.00324663
0.00314414
0.00319446
0.00325954
0.00323022
0.00310934
0.00324779
0.00316609
0.00317129
0.00326039
0.00328531
0.00323621
0.00330189
0.00326358
0.00325439
0.00325662
0.00325617
0.00319223
0.00313958
0.00324802
0.00325138
0.00327705
0.00320424
0.00322168
0.00317485
0.00323726
0.00323394
0.00322427
0.00322377
0.00320985
0.00327432
0.00319039
0.00316092
0.00326992
0.00327447
0.00316192
0.00320721
0.00321555
0.0031958
0.00312365
0.00318641
0.00321664
0.00323727
0.00322207
0.00317282
0.00314592
0.00318356
0.00318827
0.00312666
0.00325643
0.00325302
0.00328495
0.00312224
0.00323173
0.00321487
0.00320271
0.0032406
0.00320779
0.00320553
0.00328369
0.00323276
0.00314268
0.00313787
0.00321697
0.00325711
0.00317838
0.00320664
0.00322632
0.00320333
0.00319178
0.00325467
0.00324827
0.00324236
0.00317029
0.00328176
0.00326911
0.00318266
0.00325141
0.00320872
0.00317925
0.00320019
0.00325439
0.00321262
0.00319581
0.00322578
0.00331151
0.00322939
0.00323709
0.00322825
0.00320892
0.00324238
0.00325243
0.00316538
0.00324048
0.00318768
0.00318671
0.00323057
0.00313963
0.00323426
0.00322646
0.00315052
0.00319519
0.00329615
0.00323537
0.00320115
0.00328007
0.00320776
0.00324601
0.00320343
0.00320668
0.00320513
0.00325661
0.00315896
0.00315542
0.00320314
0.00318852
0.00319039
0.00319454
0.00322705
0.00324311
0.00322703
0.0032363
0.00319839
0.0032335
0.00318135
0.00321852
0.00315918
0.00324737
0.00319905
0.00320378
0.00312767
0.0031514
0.00320383
0.00319435
0.00319335
0.00319435
0.00320466
0.00318057
0.00314324
0.00320513
0.00319886
0.00319614
0.00322478
0.00319143
0.00320214
0.00329986
0.00322888
0.00329965
0.00319349
0.00325992
0.0032722
0.00323116
0.00326111
0.00314796
0.00323937
0.00319993
0.00316016
0.00320225
0.00321559
0.00321183
0.00318548
0.00321039
0.00318401
0.00327839
0.00322905
0.0032356
0.00319914
0.00318635
0.00321646
0.00313315
0.00322463
0.00324402
0.00321724
0.00321175
0.00316206
0.00318461
0.0032019
0.00322881
0.00320513
0.00318671
0.00321086
0.00321594
0.00316415
0.0032204
0.00328791
0.00320296
0.00330622
0.00315312
0.00326141
0.00327324
0.00325228
0.00322952
0.00320813
0.00311083
0.00325456
0.0032579
0.00327735
0.00318246
0.00321065
0.00318649
0.00324532
0.00321872
0.00316302
0.00329682
0.00324236
0.00316664
0.0032463
0.00322591
0.00320793
0.00324402
0.00313751
0.00316593
0.0032331
0.00322982
0.00328188
0.00327841
0.00324111
0.00328962
0.00320869
0.00322173
0.00320471
0.00312099
0.00328955
0.00313436
0.00323521
0.0031603
0.00326321
0.00316233
0.00320323
0.00322064
0.00317273
0.0032204
0.00319039
0.00318978
0.00322246
0.00323038
0.00319438
0.00317413
0.00326281
0.00321813
0.0032056
0.00319512
0.00321813
0.00322032
0.00318269
0.00318964
0.00320995
0.00325995
0.00317092
0.00324981
0.00322853
0.00327795
0.00329978
0.00316127
0.003237
0.00323384
0.00323031
0.00315982
0.00322723
0.00324284
0.00316111
0.00320513
0.0031821
0.00325237
0.00324243
0.00322142
0.00325559
0.00325736
0.00332871
0.00327038
0.00331094
0.00325834
0.00321531
0.00322526
0.00327744
0.00324926
0.00325149
0.00319125
0.00325311
0.00320043
0.00327546
0.0032282
0.00324059
0.0032247
0.00331083
0.0032028
0.00323384
0.0032225
0.0031883
0.00320843
0.00313016
0.00324517
0.00323742
0.00319188
0.00325129
0.00323276
0.00328212
0.00326206
0.00315787
0.00319115
0.00315067
0.00325651
0.00320072
0.00319448
0.00316687
0.0032178
0.00320557
0.00318866
0.00322478
0.00312084
0.00326681
0.00329181
0.00317881
0.00326577
0.00330064
0.00315805
0.00326058
0.00315894
0.00321302
0.00320389
0.00323372
0.00321756
0.00321288
0.00321154
0.00321776
0.00315803
0.0032347
0.00320064
0.00326092
0.00324677
0.00322413
0.00318151
0.00318321
0.00321994
0.00324295
0.00321226
0.00319504
0.0032249
0.00315801
0.00318478
0.00325903
0.00315922
0.00324657
0.00327433
0.00323495
0.00318353
0.00326198
0.00316924
0.00323311
0.00322449
0.00321835
0.00319646
0.0031834
0.00323834
0.00327942
0.00321709
0.0032025
0.0032292
0.00322027
0.00318072
0.00322039
0.00323879
0.00322022
0.00317956
0.00320069
0.00317881
0.00328654
0.00325271
0.0031587
0.00324388
0.0031734
0.00318603
0.00324005
0.00321772
0.00322085
0.00331423
0.00319343
0.00324145
0.00327144
0.00320984
0.00320384
0.00319976
0.00327823
0.00320273
0.00323481
0.00324705
0.00321402
0.0032514
0.00323265
0.00325828
0.00326995
0.0032029
0.00330865
0.00322355
0.00330895
0.00327202
0.00318123
0.00323014
0.003215
0.00316733
0.00321501
0.00318892
0.00315566
0.0032346
0.00325787
0.00326589
0.00322192
0.00321692
0.00316653
0.00318037
0.00316787
0.0031865
0.00325211
0.00323893
0.00320951
0.00321448
0.00319121
0.00321118
0.0031701
0.00318123
0.00322308
0.00319031
0.00311533
0.00327382
0.00312408
0.00313678
0.00320466
0.00320912
0.00319423
0.00324197
0.00317176
0.00319723
0.00321726
0.00325573
0.00313969
0.00323934
0.00323833
0.00328718
0.00318579
0.00327057
0.00315849
0.00321794
0.00325409
0.0031525
0.00321652
0.00321757
0.00323368
0.00327027
0.0032221
0.00316504
0.00320566
0.00324406
0.00311441
0.00315719
0.00323481
0.00319039
0.00318591
0.00324651
0.00322398
0.00313223
0.00326302
0.00325197
0.00319612
0.00326219
0.00321492
0.00318134
0.00324197
0.00321179
0.00318959
0.00325265
0.00331767
0.00319495
0.00321825
0.003278
0.00323844
0.00322092
0.00320022
0.00319827
0.00324552
0.00318155
0.00320028
0.00323671
0.00316466
0.00323633
0.00318853
0.00317725
0.00323726
0.00315427
0.00324934
0.00314987
0.00324041
0.00320422
0.00324145
0.00320985
0.00324151
0.00325644
0.00321968
0.00319395
0.00324519
0.00320058
0.00323151
0.0031877
0.00321661
0.00318198
0.00321832
0.00314388
0.00329928
0.00318408
0.0032939
0.0032253
0.00317834
0.00318821
0.00324597
0.0031767
0.00319811
0.00320418
0.00322723
0.00321045
0.00319592
0.0032387
0.00320277
0.00315805
0.00324612
0.00325623
0.00314057
0.00326806
0.00323854
0.00325641
0.00320441
0.00321221
0.00312672
0.00318772
0.00323788
0.00324003
0.00322187
0.00321434
0.00327986
0.00314767
0.00322288
0.00322116
0.00316981
0.00321829
0.00324804
0.00320655
0.00324811
0.00318317
0.0032244
0.00323503
0.00319919
0.00319582
0.00320043
0.00325956
0.00321302
0.00320856
0.00326499
0.00319302
0.00324148
0.00314696
0.00321536
0.00322531
0.00321884
0.00318671
0.00322559
0.00310092
0.00324756
0.00323113
0.00322277
0.00321166
0.00325828
0.00316115
0.00316653
0.00316456
0.00319969
0.00316058
0.00320597
0.00318491
0.00320735
0.00320409
0.00325955
0.00310289
0.00315601
0.00324096
0.00318533
0.00322815
0.00322604
0.00323684
0.00327828
0.00315181
0.00319099
0.00326822
0.00318988
0.00329481
0.00320202
0.00320722
0.00323493
0.00318732
0.00315824
0.00318341
0.00317065
0.00321032
0.00324404
0.00321326
0.00320299
0.00328834
0.00320305
0.00319723
0.00320198
0.00329328
0.00317376
0.00323575
0.00323964
0.00325223
0.00318356
0.00323989
0.00320321
0.00324709
0.00316055
0.00321084
0.00319922
0.00312321
0.00328424
0.0031906
0.00317476
0.00321933
0.00321259
0.00325653
0.00320072
0.00325475
0.00317992
0.00320949
0.00316046
0.00329241
0.00318978
0.00325834
0.00321133
0.00321741
0.00321338
0.00320595
0.00317842
0.00320188
0.00319269
0.00323288
0.00329363
0.00323033
0.00322399
0.00320872
0.00326152
0.00322574
0.00320604
0.00314204
0.00330355
0.00320015
0.00316675
0.00318526
0.00321769
0.00323289
0.00321309
0.00316622
0.00318694
0.00322269
0.00315355
0.00317782
0.00319438
0.00318215
0.00318325
0.00318613
0.00319188
0.00327618
0.00319747
0.00318517
0.00322969
0.00316957
0.00317503
0.00320723
0.00318443
0.00320112
0.00317484
0.00317805
0.00321238
0.0031986
0.00313145
0.00322842
0.00318519
0.00317691
0.00322751
0.00318164
0.00319992
0.00324901
0.00315719
0.00323442
0.00324084
0.0032278
0.00321808
0.00327122
0.00326816
0.00317545
0.00320831
0.00325517
0.00323797
0.00322579
0.00329768
0.00317115
0.00319285
0.00324241
0.00320712
0.00311588
0.00319936
0.00327638
0.00322423
0.00318519
0.00319343
0.00328028
0.00319467
0.00326389
0.00316258
0.00323777
0.00320395
0.00316632
0.00322531
0.00316109
0.00324824
0.00322052
0.00318601
0.00329126
0.00322801
0.0032856
0.00321618
0.00322317
0.00321088
0.00320552
0.00321848
0.00326012
0.00324723
0.00320712
0.00324344
0.00323967
0.00315261
0.00323063
0.00321977
0.00327115
0.00324794
0.00316885
0.00322064
0.00322748
0.00319603
0.00322887
0.00323627
0.003148
0.00315941
0.00320891
0.00325707
0.00322501
0.00315079
0.00319339
0.00322312
0.00322265
0.00326418
0.00318228
0.003225
0.00321258
0.00320758
0.0032268
0.00325949
0.00313278
0.00322795
0.0032336
0.00316873
0.00324424
0.00326017
0.00320793
0.00320015
0.00324102
0.00315985
0.00328279
0.00320381
0.00332538
0.00326441
0.00319776
0.00323725
0.00323951
0.00316944
0.00325369
0.0032651
0.00318356
0.00315191
0.0032503
0.00323985
0.0032208
0.00321187
0.00317643
0.00325549
0.00321774
0.00316498
0.00320968
0.00324335
0.00325452
0.00320092
0.00320513
0.00323276
0.00318934
0.00324409
0.00319343
0.00322658
0.00319803
0.00320877
0.00319136
0.00323333
0.00320066
0.00324364
0.0032138
0.0032868
0.00327402
0.00320628
0.00319269
0.00315544
0.00327199
0.00323677
0.00323634
0.00319011
0.0031687
0.00323306
0.00315601
0.00324942
0.00314887
0.00326562
0.00321211
0.00322288
0.00316101
0.00320946
0.00321283
0.00317686
0.00321552
0.00324424
0.00317584
0.003167
0.00321484
0.00315469
0.00326822
0.00319341
0.00313815
0.00324669
0.00320861
0.00320308
0.0032547
0.00318396
0.00322069
0.00322862
0.00325848
0.00315081
0.00322852
0.00320125
0.00321544
0.00320074
0.00324009
0.00328472
0.00319644
0.00326039
0.00321442
0.00325717
0.00317786
0.00320128
0.00320858
0.00319962
0.00320375
0.00323288
0.00318084
0.00325545
0.00317516
0.00316215
0.00318579
0.00322793
0.0032333
0.00322969
0.00325537
0.00322478
0.00324635
0.00315385
0.00319485
0.00318102
0.00317865
0.00326982
0.00329751
0.00322164
0.0032278
0.00323195
0.00324832
0.00321282
0.00318599
0.00319102
0.00320991
0.00317049
0.0031821
0.00322145
0.00315182
0.00318996
0.00319673
0.00319558
0.00321204
0.00322027
0.00322205
0.00325376
0.00329485
0.00326752
0.00318847
0.00318368
0.00317013
0.00321759
0.00318431
0.00320638
0.00322433
0.00326378
0.00321939
0.00329337
0.00324953
0.00324197
0.00320848
0.00318104
0.00323509
0.00317059
0.00309671
0.00321971
0.00320418
0.0032278
0.00324756
0.00327943
0.00317912
0.00319974
0.00314875
0.00323634
0.00323132
0.0032015
0.00316053
0.00320037
0.00321302
0.00325935
0.00321134
0.00324624
0.00321118
0.00318294
0.00318369
0.00321695
0.00321052
0.00322983
0.00324633
0.00318551
0.00314771
0.00317859
0.00327201
0.00323088
0.00324249
0.0031208
0.00323311
0.00324393
0.00322043
0.00320389
0.00317934
0.00320019
0.00321215
0.0031958
0.00326316
0.00324627
0.00313649
0.00318351
0.00316276
0.00319834
0.00320195
0.0032431
0.00319114
0.00324116
0.0032112
0.00317491
0.00317604
0.00323315
0.00323943
0.00320339
0.00328777
0.00324339
0.00321906
0.00315695
0.00321658
0.00322134
0.00314182
0.00322767
0.00326192
0.0032454
0.00319004
0.0031925
0.00325942
0.00326718
0.00311131
0.00318182
0.00323511
0.00324576
0.0032028
0.00321986
0.0032079
0.0032547
0.00325763
0.00322162
0.00323276
0.00327442
0.00320668
0.00320199
0.00317675
0.00318723
0.00323197
0.00317847
0.00332664
0.00320979
0.0031908
0.00325947
0.00317778
0.00323092
0.00323606
0.0032433
0.00316109
0.00318087
0.00324863
0.00323539
0.00309508
0.00317849
0.0032582
0.00317083
0.00318557
0.00322493
0.00322384
0.00327574
0.00318927
0.00326589
0.00325235
0.00319338
0.00327105
0.00318806
0.00318593
0.00330066
0.00327881
0.00324881
0.00326107
0.00322052
0.00318867
0.0032125
0.00316331
0.00318651
0.00323343
0.00319169
0.00323819
0.00319109
0.00315962
0.00315659
0.0031471
0.00319949
0.00321158
0.00325316
0.0031364
0.00324097
0.0031381
0.00323364
0.00322951
0.00321951
0.00321848
0.00317053
0.0032203
0.00321889
0.00321558
0.00322713
0.00327611
0.00317443
0.00323948
0.00320464
0.00315106
0.00322897
0.00326165
0.00322437
0.00323203
0.00318671
0.00322537
0.00318011
0.00320554
0.00315197
0.00318408
0.00324344
0.00320103
0.00327062
0.003194
0.00318962
0.00323383
0.00317894
0.00320206
0.00324197
0.00321726
0.00322452
0.00319827
0.00329355
0.00319453
0.00318966
0.00319048
0.00317129
0.00325307
0.00324983
0.00316969
0.00322684
0.00314029
0.00313998
0.00323339
0.00322155
0.00322901
0.00328043
0.00324552
0.0032256
0.00322309
0.00322787
0.0031889
0.00313559
0.00321549
0.00326653
0.00319963
0.00324346
0.00320559
0.00315586
0.00322187
0.00323248
0.00317596
0.00316285
0.00321322
0.00318645
0.00318057
0.00319663
0.00324532
0.00323276
0.00323429
0.0032244
0.00327752
0.00316829
0.00316092
0.00317574
0.00319379
0.00319804
0.00319216
0.00322569
0.00320556
0.00318715
0.00321151
0.00321487
0.00314671
0.00324699
0.00320042
0.00322246
0.00319444
0.00322891
0.00326039
0.0032028
0.00315485
0.003193
0.00325393
0.00317473
0.00318512
0.0032473
0.00321584
0.00322844
0.00320327
0.00320431
0.00321372
0.00318371
0.0031793
0.00325706
0.00321919
0.00316782
0.00324322
0.00318691
0.00319592
0.00321706
0.00328716
0.00320999
0.00321413
0.00319117
0.00320306
0.00314373
0.0032291
0.00321411
0.00318545
0.00318595
0.00316188
0.00323048
0.00328336
0.0032544
0.00314359
0.00324064
0.0032839
0.00320218
0.00320178
0.00320648
0.00330414
0.00311359
0.00320229
0.00327881
0.00312666
0.00322255
0.00330499
0.00322418
0.00321356
0.00324239
0.0031903
0.00318472
0.00315017
0.00322497
0.0032112
0.00319255
0.00321889
0.00329659
0.00319285
0.00323591
0.00316781
0.00317715
0.00315832
0.00319785
0.00318953
0.00320734
0.00320973
0.00315724
0.00323531
0.00320139
0.00319646
0.00319315
0.0032195
0.00324438
0.00318787
0.00320684
0.00319159
0.0032822
0.00323537
0.00322378
0.00321826
0.00312166
0.0032387
0.00323159
0.00320595
0.00324541
0.00317701
0.00314965
0.00320601
0.0031811
0.00319813
0.00318075
0.00326262
0.00315783
0.00319776
0.00312162
0.0032038
0.00313625
0.00329747
0.0031492
0.00322599
0.00323122
0.0032047
0.00317062
0.00321559
0.00316399
0.00319855
0.00317458
0.00319678
0.00314003
0.00317811
0.00328976
0.00323201
0.00322549
0.00319822
0.00326489
0.00312049
0.00321392
0.00319602
0.00320556
0.00324528
0.00317761
0.00318431
0.00322897
0.00317197
0.00319194
0.00323451
0.00319792
0.00321088
0.00322382
0.0031946
0.00324197
0.00323478
0.0031308
0.00318499
0.00323276
0.00316637
0.0032025
0.00319454
0.00319958
0.00314224
0.00328028
0.00317557
0.00317443
0.00318102
0.00325118
0.00317349
0.00317048
0.00323774
0.00320403
0.00322608
0.00322907
0.00319285
0.00315365
0.00320857
0.00324907
0.00325344
0.00321158
0.00323511
0.00323431
0.00323943
0.00314907
0.00322066
0.00320069
0.00315965
0.003219
0.00324786
0.00317901
0.0031615
0.0032495
0.00319336
0.00310633
0.00323184
0.00326789
0.00328034
0.0031473
0.00322463
0.00316661
0.00322112
0.00319707
0.00315931
0.003221
0.00319432
0.00316872
0.00324414
0.00324093
0.00317164
0.00315568
0.0032625
0.0032283
0.00319153
0.0032643
0.00321683
0.00311258
0.00317499
0.00319852
0.00321163
0.00324337
0.00320173
0.00326062
0.00315846
0.00320671
0.00319069
0.00325023
0.0033217
0.00319158
0.0031908
0.0032504
0.00318364
0.0032313
0.00318151
0.00325554
0.00319379
0.00322764
0.00320308
0.00327881
0.00324955
0.00325702
0.00322064
0.00319685
0.00322905
0.00318278
0.00322146
0.00321027
0.00323079
0.00318057
0.00323818
0.00326302
0.00315652
0.0032244
0.00320293
0.00322888
0.00321976
0.00319953
0.00326574
0.0032306
0.0031976
0.00316619
0.00323324
0.00327881
0.00322155
0.00319185
0.00328646
0.00327402
0.00316243
0.00323063
0.00318157
0.00323725
0.00318842
0.00320071
0.00323076
0.00319326
0.00319327
0.00330965
0.00325603
0.00322739
0.00310314
0.00315187
0.0032269
0.0032214
0.00318278
0.00328674
0.00317437
0.00323858
0.00317074
0.00320064
0.00319073
0.00325348
0.00324057
0.00322466
0.00317888
0.00323475
0.00323934
0.00319467
0.00316919
0.0032126
0.00315574
0.00319085
0.00316875
0.00329026
0.0032275
0.00323923
0.00322569
0.00324079
0.00321434
0.00315849
0.00320464
0.00326853
0.00325089
0.00319979
0.00322333
0.00325829
0.00316268
0.00322048
0.00316691
0.00320732
0.00321986
0.00320804
0.00321133
0.00323948
0.00314197
0.00311917
0.0032539
0.00317011
0.00323162
0.00320776
0.00319621
0.00318285
0.00323211
0.00327881
0.00318978
0.00320141
0.00325149
0.00316902
0.00320122
0.00317642
0.00319057
0.00322877
0.00320927
0.00312798
0.00318038
0.00318072
0.00314373
0.00318173
0.00322698
0.00318982
0.00318691
0.00314738
0.00314787
0.00318129
0.00322696
0.00325489
0.00321689
0.00319891
0.00323116
0.00320426
0.00326018
0.00316669
0.00329073
0.00321052
0.00318696
0.0031648
0.00316036
0.00321866
0.00326066
0.00316324
0.00325283
0.00328083
0.00326887
0.00322437
0.00321302
0.00319241
0.00315795
0.00315962
0.00323431
0.00325078
0.00322881
0.00325885
0.00322746
0.00320253
0.00327699
0.0032563
0.00322397
0.00317413
0.00315933
0.00317482
0.00321406
0.00328651
0.00327124
0.00320513
0.00320513
0.00322213
0.00325822
0.00319188
0.00320559
0.0032742
0.00318095
0.00318809
0.00320779
0.00326788
0.0032163
0.00324817
0.00319382
0.00313414
0.00317699
0.00324286
0.00321522
0.0031514
0.00311712
0.00318895
0.00328789
0.00324962
0.00319285
0.00324114
0.00318751
0.0032696
0.00320806
0.0032588
0.00324962
0.00319368
0.0032278
0.00322714
0.00318671
0.00327611
0.00321127
0.00318455
0.00324723
0.00325342
0.00318585
0.00321969
0.00326772
0.00317159
0.003184
0.00328648
0.00325342
0.00316982
0.00319193
0.00323188
0.00315908
0.00324612
0.00325407
0.00322894
0.00320316
0.00326398
0.0032177
0.00327982
0.00321052
0.00314698
0.00312517
0.00327324
0.00322857
0.00320648
0.00321191
0.0032022
0.00323695
0.0031894
0.00323396
0.00329572
0.00321888
0.00313365
0.00322849
0.00320513
0.00322221
0.00326565
0.00315812
0.00319412
0.00322481
0.00315601
0.00317658
0.00323036
0.00326743
0.00322085
0.00316262
0.00319508
0.00322942
0.00324242
0.00325799
0.00321953
0.0032154
0.00314015
0.00327881
0.00310842
0.00320779
0.00317987
0.00314754
0.00317881
0.00313475
0.00322935
0.00320973
0.00320103
0.00327373
0.00315947
0.00321363
0.00316249
0.00323886
0.00322685
0.00322625
0.00314913
0.0032022
0.00325154
0.00319969
0.0032066
0.00316585
0.00327881
0.00323591
0.0032521
0.00320182
0.0032047
0.00318761
0.00319817
0.00328691
0.00320069
0.00324449
0.00323264
0.00325207
0.00329325
0.00316506
0.00322512
0.00320857
0.00325893
0.00328563
0.00328266
0.00331004
0.00321331
0.00323333
0.00317422
0.00322815
0.00317601
0.00314288
0.00319577
0.00317598
0.00321604
0.00319508
0.00321464
0.00321661
0.00320558
0.00332025
0.00326637
0.00325236
0.00324611
0.00322243
0.00324585
0.00315871
0.0032124
0.00320331
0.00323302
0.00318603
0.00317355
0.00319173
0.00323637
0.00318402
0.00319958
0.00318941
0.00327454
0.00320695
0.00317837
0.00320651
0.00322705
0.00322244
0.00316456
0.00313838
0.00318394
0.00323018
0.00321849
0.0032499
0.00320293
0.00322714
0.00313361
0.00320726
0.00326184
0.00315627
0.00321819
0.00314104
0.00326881
0.00327242
0.00322355
0.00323714
0.00319051
0.00323227
0.00324728
0.00325316
0.00316015
0.0031946
0.00312135
0.00324839
0.00317573
0.00319834
0.0032495
0.00320554
0.00321788
0.00324803
0.0031725
0.0031663
0.00323774
0.00326446
0.00323205
0.00320773
0.00315317
0.00324274
0.00321446
0.00315278
0.00317023
0.0031798
0.00322048
0.00324625
0.00318071
0.00319699
0.00320552
0.0031525
0.00322355
0.00314845
0.00319936
0.00318842
0.00315754
0.00317796
0.00329049
0.00320749
0.00317924
0.00318255
0.00324293
0.00316504
0.00325106
0.00324242
0.00319022
0.00325996
0.00320864
0.00318782
0.00322787
0.00319021
0.00316911
0.00326843
0.00327692
0.0033098
0.00312456
0.00322288
0.00320077
0.00317965
0.0032265
0.00320944
0.00328628
0.00323568
0.00321877
0.00324698
0.00330237
0.00318762
0.00317127
0.00319057
0.00321848
0.00324288
0.00323495
0.00317805
0.0032244
0.00312439
0.00323881
0.00318193
0.00322331
0.00321482
0.003234
0.00314304
0.00315908
0.00327134
0.00323365
0.00318164
0.00312266
0.00323451
0.00326618
0.0031663
0.00318583
0.00320804
0.00323179
0.00323718
0.00317977
0.0032061
0.00320933
0.00318768
0.00322624
0.00322155
0.00318644
0.00320115
0.00317666
0.0032233
0.00326364
0.00329053
0.00321899
0.00322173
0.00321434
0.00320308
0.00321465
0.00322207
0.00317273
0.00311259
0.00313523
0.00328815
0.00319418
0.00323797
0.00324827
0.00318507
0.00315326
0.00317362
0.00319592
0.00319285
0.00329346
0.00327746
0.00319906
0.0032609
0.00316483
0.00319039
0.00316936
0.0032335
0.00326098
0.00324975
0.00325951
0.00323985
0.00314724
0.00317523
0.00321215
0.00317841
0.00325313
0.00319302
0.00324318
0.00323542
0.00325761
0.00328379
0.00320331
0.00323411
0.00323853
0.00316092
0.00323833
0.00314121
0.00321447
0.00321241
0.0031675
0.00325928
0.00321926
0.00317492
0.00322918
0.00327929
0.00319317
0.00322355
0.00321221
0.0031918
0.00324691
0.00325143
0.00319874
0.00317761
0.00320992
0.00325067
0.00317092
0.0032196
0.00316556
0.00325541
0.00321063
0.00323642
0.00326948
0.00319636
0.0031769
0.00321976
0.00320999
0.00321302
0.0032567
0.00315186
0.00322572
0.00321023
0.00325392
0.00317738
0.00320149
0.00319285
0.00320655
0.00320108
0.00309981
0.0032137
0.00320132
0.00324523
0.00321858
0.00320558
0.00323173
0.00321215
0.00326063
0.00324924
0.00323651
0.00322427
0.00317086
0.00321011
0.00316994
0.00325989
0.00317847
0.00327881
0.00329178
0.00324344
0.00317164
0.00323881
0.00320928
0.00320738
0.00318969
0.00326089
0.00321664
0.00324456
0.00316725
0.00318746
0.00323503
0.00323424
0.00325845
0.00317051
0.00321363
0.00313806
0.00315453
0.00325743
0.00325348
0.0032047
0.003229
0.00320345
0.00321293
0.00325107
0.0032681
0.00312202
0.00320886
0.00318285
0.00316271
0.00324476
0.00322107
0.00318956
0.00321986
0.00316159
0.0032231
0.00322125
0.00324943
0.00323928
0.00322238
0.00321906
0.00322776
0.00321022
0.00320717
0.00325746
0.00314358
0.0032042
0.00330055
0.00321969
0.00325654
0.00314887
0.00327199
0.00322922
0.0032567
0.00316478
0.00320563
0.00312344
0.00321606
0.00326378
0.0032434
0.00326197
0.00319271
0.00315171
0.00316618
0.00315919
0.00321806
0.00314003
0.0031718
0.00312854
0.00321802
0.00330034
0.00323108
0.00319712
0.00324155
0.00321591
0.00321919
0.0032521
0.00319554
0.00320843
0.00321204
0.00322606
0.00320963
0.00318988
0.00327833
0.00318382
0.00319269
0.00322853
0.00324039
0.00323837
0.00318934
0.00323177
0.0031944
0.003215
0.00311775
0.00322862
0.00320928
0.00319369
0.00313096
0.00321782
0.00321169
0.00327426
0.00322175
0.0031193
0.00327233
0.00321712
0.00323992
0.00316315
0.00322783
0.00319311
0.0031667
0.0032868
0.00322309
0.00321063
0.00322355
0.00328401
0.0032569
0.00317392
0.00320404
0.00323527
0.00322486
0.00323748
0.00322394
0.00323374
0.00312523
0.00320329
0.00316702
0.00326653
0.00315537
0.00315571
0.00325736
0.0032359
0.00317487
0.00319039
0.00318041
0.00323287
0.00325824
0.00322187
0.00320626
0.00319078
0.0031906
0.00320253
0.0031942
0.00320648
0.00328826
0.00322385
0.00325839
0.003208
0.00318708
0.00324633
0.0032462
0.00316532
0.00321843
0.00319819
0.00318881
0.00325809
0.0031646
0.00318246
0.00329384
0.00317482
0.00320469
0.00322732
0.00319164
0.00326016
0.00319907
0.00316119
0.00319445
0.00321912
0.00321692
0.00325179
0.00324876
0.00318423
0.00326902
0.00326191
0.00322554
0.00317708
0.00323259
0.0031848
0.00328495
0.00319252
0.00327783
0.00316685
0.00326432
0.00314687
0.00321755
0.00325671
0.00320749
0.00318698
0.00318118
0.00326322
0.00327989
0.00318536
0.00326417
0.00328997
0.00322853
0.00326067
0.00325249
0.00320591
0.00322637
0.00322867
0.00322201
0.00322263
0.00318722
0.00317992
0.00316168
0.00318733
0.0032363
0.00319492
0.00319367
0.00319703
0.00317778
0.00315824
0.00316655
0.00322191
0.00326386
0.0032141
0.00322624
0.00322486
0.00320433
0.00318508
0.00318177
0.00321302
0.00322485
0.00328216
0.0032216
0.003227
0.00322767
0.00321388
0.0032347
0.00325225
0.00326355
0.00321829
0.00316931
0.00322306
0.00323039
0.00328618
0.00324067
0.00318441
0.00322853
0.00319158
0.00316829
0.00325545
0.0032505
0.00318408
0.00319408
0.00320607
0.00319096
0.00315601
0.00326319
0.00323022
0.00325885
0.0031691
0.00322714
0.00319892
0.00322703
0.00319148
0.00318714
0.00322058
0.00325425
0.00317327
0.0032099
0.00315489
0.00318482
0.0032125
0.00326792
0.00322014
0.0032458
0.00324791
0.00324286
0.00328997
0.00319181
0.00317584
0.00316065
0.00320881
0.00320995
0.00319483
0.00317768
0.00322457
0.00317516
0.00319931
0.00316138
0.00326346
0.00323468
0.00316714
0.0032026
0.00316694
0.00314849
0.00320966
0.00314414
0.00320979
0.00321553
0.00319751
0.00320256
0.00325652
0.00325072
0.0032312
0.00324421
0.00324374
0.00322079
0.00322891
0.00314558
0.00321413
0.00320601
0.00318763
0.00319315
0.00321456
0.00324794
0.00323887
0.00322083
0.00325324
0.00318408
0.00323347
0.00322209
0.00321671
0.00321969
0.00316021
0.00318642
0.00327933
0.00326558
0.00323532
0.00314828
0.00320468
0.00326302
0.00315712
0.00319173
0.00316302
0.00322583
0.00330309
0.00316455
0.00325509
0.00320697
0.00323429
0.00326185
0.00325654
0.00322452
0.00321292
0.00319784
0.0032028
0.00320957
0.00329366
0.0032139
0.00326001
0.0032503
0.00319603
0.00319618
0.00329829
0.00323018
0.00326062
0.00319478
0.00323479
0.00324197
0.00318217
0.00320092
0.00329154
0.00324013
0.00318894
0.00317786
0.00317658
0.00320906
0.00318853
0.00317184
0.00323417
0.00327373
0.00323828
0.00319835
0.00323797
0.00329233
0.00326551
0.0032301
0.00317243
0.00318625
0.00316108
0.00322844
0.00321127
0.00325711
0.00323063
0.00318273
0.0032803
0.00324561
0.00325176
0.00322848
0.00321492
0.00322177
0.00327144
0.00323161
0.00316262
0.00329156
0.00326129
0.00323362
0.00322714
0.00326367
0.0032295
0.00326082
0.00326062
0.00318921
0.00323387
0.00324811
0.00324346
0.00321109
0.00320773
0.00321265
0.00319714
0.00328207
0.00324148
0.00322683
0.00316207
0.00318576
0.00325094
0.00318928
0.00324796
0.00318302
0.00320098
0.00329701
0.00319528
0.00320933
0.00318613
0.00329932
0.00326039
0.00319432
0.00316465
0.00325739
0.00323179
0.00326202
0.00320457
0.00327002
0.0032676
0.00325714
0.00319144
0.00322001
0.00325445
0.0032039
0.0032502
0.00318927
0.00316829
0.00315256
0.00325632
0.00315404
0.00329643
0.00315133
0.00323327
0.00314987
0.00322092
0.00317624
0.00320238
0.00324934
0.00327084
0.00321127
0.00322953
0.00326441
0.00320351
0.00316072
0.00316194
0.00319872
0.00321607
0.00322902
0.00317863
0.00324017
0.00320424
0.00322136
0.00321553
0.00324145
0.00326087
0.00319487
0.00320752
0.00321907
0.00323197
0.00324402
0.0032294
0.00321446
0.00314606
0.00320121
0.00324797
0.00316675
0.00316005
0.00331298
0.00323985
0.00325058
0.00320782
0.00321465
0.00319019
0.00323677
0.00320717
0.00323624
0.00319136
0.00312111
0.00318466
0.00323171
0.00320717
0.0031845
0.00317408
0.00318898
0.00319177
0.00321353
0.0032109
0.00320351
0.00320656
0.00319852
0.00323261
0.00321509
0.00315344
0.00314831
0.0032137
0.00322416
0.00318242
0.0032569
0.00322314
0.00320656
0.00321331
0.00318151
0.00320117
0.00322399
0.00319082
0.00321986
0.00324463
0.00324863
0.00320293
0.00317468
0.00326471
0.00324561
0.0032253
0.00326152
0.00319039
0.00324588
0.003193
0.00319508
0.00324781
0.00323698
0.00326244
0.00319432
0.00327406
0.00318898
0.00318694
0.00313563
0.00321053
0.00321558
0.0032294
0.00321298
0.00322177
0.00317934
0.0032728
0.00320513
0.00316829
0.00325481
0.00320941
0.00325206
0.00315208
0.00320933
0.00319874
0.00319087
0.0032946
0.00318601
0.00318617
0.00314575
0.00321106
0.00327082
0.0032387
0.00329269
0.00323613
0.00319173
0.00321685
0.00325409
0.00319831
0.0032463
0.00317108
0.00330239
0.00324663
0.00325439
0.00313098
0.00319987
0.003255
0.00329559
0.00326754
0.00319955
0.00320314
0.00318041
0.00317666
0.00322166
0.00322969
0.00320166
0.00320378
0.00317201
0.00326578
0.0032344
0.00328271
0.00324245
0.00324771
0.00324703
0.00316829
0.00326084
0.00319255
0.00318722
0.00321754
0.0032497
0.00327551
0.00324492
0.0032324
0.00323583
0.00320612
0.00327318
0.00324691
0.0032135
0.00323634
0.00329076
0.00322205
0.00319853
0.00326947
0.00324585
0.00321421
0.00323137
0.00325893
0.00321565
0.00327735
0.00315789
0.00324048
0.00322658
0.00317769
0.00320432
0.0032181
0.00334492
0.00320653
0.00323726
0.00324435
0.00327275
0.00314106
0.00327723
0.00322092
0.00318695
0.00317817
0.00316534
0.00322884
0.00325812
0.00324576
0.00322461
0.00318461
0.00316601
0.00315373
0.00327179
0.00327021
0.00319271
0.00334154
0.00320557
0.00322313
0.00317784
0.00319751
0.00326343
0.00328088
0.00318489
0.00323818
0.00321383
0.00318982
0.00319362
0.00322787
0.00316624
0.00326039
0.00312642
0.0031688
0.00323231
0.00332793
0.00327021
0.00323287
0.00325632
0.00324695
0.00327762
0.00328387
0.00319663
0.00320993
0.00322098
0.00320084
0.00318718
0.00328551
0.0031969
0.00318741
0.0032135
0.00321056
0.00319699
0.00332476
0.00327941
0.00316781
0.00324532
0.0032576
0.00322217
0.00327928
0.00320127
0.00323513
0.00319592
0.00321581
0.00321995
0.00326713
0.00321945
0.00322942
0.00323924
0.00317881
0.0032448
0.00320113
0.00317081
0.00323051
0.00318138
0.00322769
0.00324942
0.00316914
0.00321046
0.00317485
0.00330556
0.00320702
0.00321805
0.00328407
0.00317786
0.00320949
0.00320302
0.0032066
0.00324059
0.0032187
0.00323858
0.00320737
0.00318198
0.00317171
0.00323324
0.00324316
0.00321226
0.0031543
0.00323936
0.00323519
0.00322912
0.00322241
0.00326572
0.00321002
0.00326895
0.00318172
0.00319254
0.00324197
0.0032027
0.00320513
0.00316063
0.00321995
0.00317843
0.003192
0.00317586
0.00324723
0.00319972
0.00324624
0.00320513
0.00318806
0.00322522
0.00323108
0.00321492
0.00331627
0.00318816
0.00328682
0.0031506
0.00322493
0.00324435
0.00322559
0.00323706
0.00317893
0.00317992
0.00326227
0.00323144
0.00325003
0.00329539
0.00321451
0.00318356
0.00322672
0.00319099
0.00326948
0.00327101
0.00325452
0.00318911
0.00319398
0.00323902
0.00324664
0.00324269
0.00325764
0.00320227
0.0032033
0.00326188
0.00322902
0.00312255
0.00321948
0.00317706
0.00320359
0.0031595
0.0032448
0.00321221
0.00327125
0.00320006
0.003193
0.00316092
0.00320864
0.00320093
0.00314204
0.00315805
0.00325176
0.00320329
0.00332496
0.00317688
0.00320259
0.00319734
0.00320243
0.00316978
0.00318941
0.00328093
0.00325544
0.00323451
0.00327294
0.00323615
0.00322574
0.00320779
0.0032442
0.00322714
0.00321559
0.00321113
0.00324934
0.00323401
0.00328164
0.00320871
0.0032822
0.00321741
0.00332603
0.00326917
0.00321158
0.00321004
0.00325269
0.00317808
0.00325552
0.00321631
0.00325383
0.00319569
0.00320864
0.00316677
0.00322433
0.00322478
0.00320749
0.00320804
0.0032147
0.00318715
0.00325573
0.0032433
0.00327477
0.00323383
0.00323113
0.00330451
0.00313292
0.00317513
0.00327097
0.00323862
0.0032306
0.00316241
0.00324317
0.00315365
0.00325202
0.00322969
0.00322526
0.0032458
0.00313145
0.00322109
0.0032554
0.00326353
0.00322631
0.00316288
0.00316734
0.00328728
0.00323642
0.00320427
0.00324942
0.00319398
0.00322942
0.0031811
0.00323742
0.00319561
0.00321039
0.0032024
0.00316141
0.0032384
0.00313456
0.00321284
0.0032081
0.0032621
0.00318393
0.00321613
0.00323633
0.00329635
0.00325343
0.00318086
0.00323902
0.00324818
0.00327011
0.0031763
0.00334512
0.00324496
0.00323046
0.00319787
0.00324155
0.00321028
0.00326138
0.00319023
0.00327227
0.00321777
0.00323018
0.00326718
0.00325624
0.00324249
0.00320513
0.00321979
0.00326358
0.00323671
0.00323904
0.00319866
0.00322161
0.00321723
0.0032046
0.00324488
0.00325439
0.00321503
0.00316326
0.00319207
0.00329079
0.00318614
0.00324915
0.00329536
0.00325441
0.00319592
0.00321518
0.00319998
0.0031998
0.00327488
0.00315055
0.00328542
0.00325928
0.00323057
0.00326907
0.00324589
0.00327618
0.00319468
0.00323773
0.00322804
0.00318041
0.00323898
0.00322061
0.00319839
0.00324532
0.00327333
0.00325974
0.00322355
0.00318377
0.00321536
0.00317065
0.00318102
0.00318999
0.00318126
0.00317715
0.00331473
0.00316174
0.00319302
0.00325143
0.00322593
0.00325662
0.0032282
0.00328452
0.00319173
0.00325513
0.00326842
0.00321659
0.00324249
0.00325407
0.00317952
0.0032528
0.00320109
0.00322092
0.00322624
0.00318331
0.00328184
0.00325217
0.00318551
0.00319734
0.00318292
0.00319234
0.00322164
0.003161
0.00318168
0.00323515
0.00323219
0.00324451
0.0032372
0.00316569
0.00320246
0.00319757
0.00316685
0.00319795
0.0032637
0.00325838
0.00326254
0.00321366
0.00327734
0.00312107
0.00312384
0.00320415
0.00327629
0.00329765
0.00321912
0.00324585
0.00321505
0.00321045
0.00318797
0.00322923
0.0032244
0.00326181
0.00314812
0.00322454
0.00317969
0.00321741
0.00318625
0.0032933
0.00322355
0.00318466
0.00313448
0.00321296
0.00323824
0.0032016
0.00324986
0.00319578
0.00319745
0.00323264
0.00318822
0.00328228
0.00317666
0.00317887
0.0031889
0.00320694
0.00315287
0.00321958
0.0032284
0.0031775
0.00319899
0.00319946
0.00321662
0.00321945
0.00322846
0.00322793
0.00318422
0.00317499
0.00325378
0.00322402
0.00317761
0.00326763
0.00324832
0.00322969
0.00323438
0.00322665
0.00315302
0.00324155
0.0032028
0.00317972
0.00316295
0.00320653
0.00321482
0.00324797
0.00321587
0.00323975
0.00327684
0.00325732
0.0032471
0.00325942
0.00328902
0.0031795
0.00321879
0.00322935
0.0031894
0.00325293
0.00322117
0.0032284
0.00311574
0.00325748
0.00318671
0.00325154
0.00322906
0.00324243
0.00324737
0.00321446
0.00323018
0.00320169
0.00314313
0.00316317
0.00315039
0.0032125
0.00322406
0.00318124
0.00319567
0.00313102
0.00327645
0.00319339
0.0032894
0.00326526
0.00321297
0.00325702
0.00316671
0.00324934
0.00319162
0.00316661
0.00322175
0.0031752
0.00321962
0.0032437
0.00331728
0.00321191
0.00324593
0.00319958
0.00320426
0.00320793
0.00322125
0.00322109
0.00314782
0.00328098
0.00329314
0.00323503
0.00326244
0.00320554
0.00323373
0.00323995
0.00320028
0.0032027
0.00318181
0.00318753
0.00321626
0.00320418
0.00317427
0.00330323
0.00320998
0.0032263
0.0031915
0.00321336
0.00326506
0.0031988
0.00320735
0.00324744
0.00322743
0.00315435
0.00317999
0.0032042
0.00324565
0.00324894
0.00325176
0.00321204
0.0032346
0.00324552
0.00324089
0.00323415
0.00325011
0.00317875
0.00325764
0.00320402
0.00319143
0.00319899
0.00329235
0.0031664
0.00325546
0.00323974
0.0031509
0.00320007
0.0032213
0.00329805
0.00323975
0.00317596
0.00322597
0.00324716
0.00320144
0.00310829
0.00322551
0.00322611
0.00317865
0.00318353
0.00318144
0.00327094
0.00326868
0.00317962
0.00322272
0.00318006
0.00327658
0.00323755
0.00322957
0.00324425
0.00325979
0.00321293
0.00320993
0.00319119
0.00322243
0.00321267
0.00322937
0.00326264
0.00319614
0.00329269
0.00322549
0.00331191
0.00318466
0.00321723
0.00319467
0.00323336
0.00315945
0.00324669
0.00321359
0.00323347
0.00324594
0.00316878
0.00325387
0.0032429
0.00319613
0.00326456
0.00315972
0.00317847
0.00327084
0.0032112
0.00324017
0.00324027
0.0031899
0.00324108
0.00327072
0.00319304
0.00313931
0.00320881
0.00316005
0.00325086
0.00319937
0.00319238
0.00315791
0.00326947
0.00319336
0.00326239
0.00319336
0.00320662
0.00321183
0.00323862
0.00322267
0.00325457
0.00317786
0.00321933
0.00317582
0.00325232
0.00324298
0.00322891
0.00325393
0.00327179
0.00327513
0.00326441
0.00321468
0.0031745
0.00326546
0.00320467
0.00324154
0.0031789
0.00319604
0.0032437
0.00320246
0.00321302
0.00322073
0.00324116
0.00323658
0.00319151
0.00319659
0.00324925
0.00320513
0.00324296
0.00322156
0.00322987
0.00325024
0.00316607
0.00323276
0.00319248
0.00330171
0.00317355
0.00323087
0.00322068
0.00317625
0.00316829
0.00317317
0.00324941
0.00319356
0.00325739
0.00312162
0.00321837
0.0032274
0.00318829
0.00317328
0.00315648
0.00322439
0.00324684
0.00320678
0.00321019
0.00330123
0.00321796
0.00316829
0.00318198
0.00321212
0.00322281
0.00318318
0.00323309
0.00322809
0.00322736
0.00327971
0.0032389
0.00327676
0.00323503
0.00321158
0.0032022
0.00315029
0.00331852
0.00323031
0.00318728
0.00323265
0.00317532
0.00324328
0.00311917
0.00318695
0.00314815
0.00316249
0.00310457
0.00322335
0.00326302
0.00322355
0.00327676
0.00327881
0.00314558
0.00324532
0.00321257
0.00317514
0.00324811
0.00317127
0.00321741
0.00324197
0.00315631
0.00320746
0.00322518
0.00323297
0.00325369
0.00326938
0.00312671
0.0031687
0.00320351
0.00324379
0.00327286
0.00320699
0.00329551
0.00321755
0.00321711
0.00324014
0.00323488
0.00319758
0.00320896
0.0032278
0.00322471
0.00318599
0.00326155
0.00318671
0.00320513
0.00319536
0.00327618
0.00325194
0.00317718
0.00314035
0.00326254
0.00320343
0.00319426
0.00321558
0.00317929
0.00326494
0.00319714
0.00315043
0.00315672
0.00317622
0.00321701
0.00323777
0.00324697
0.00320197
0.0032505
0.00319717
0.00322416
0.0032091
0.00314839
0.00322145
0.0032363
0.00326437
0.0032072
0.00323743
0.00321169
0.00331455
0.00318741
0.00319785
0.00322376
0.00325085
0.00318871
0.00321377
0.00325061
0.00326181
0.0032203
0.00325497
0.00314696
0.00323853
0.00322514
0.00321012
0.00321384
0.00329401
0.00321101
0.00320901
0.00321662
0.00323192
0.0030911
0.00316637
0.00322201
0.00321434
0.00317542
0.00317962
0.00313718
0.0032125
0.00320749
0.00328635
0.00323702
0.00324618
0.0032058
0.0032082
0.00322161
0.0031775
0.00323367
0.00322634
0.00321332
0.00324021
0.00311018
0.00315733
0.00316278
0.00319326
0.00313581
0.00323998
0.00319891
0.00317829
0.00317036
0.00323983
0.00325378
0.00314746
0.00318539
0.00322655
0.00321385
0.00324624
0.00322077
0.00321063
0.00321596
0.00324859
0.00324625
0.00320871
0.00318969
0.00323419
0.00324087
0.00323046
0.00325704
0.00322073
0.00318727
0.00322229
0.00314945
0.00319891
0.00326792
0.00323405
0.0032522
0.00329963
0.00323763
0.0031923
0.00319169
0.00327792
0.00316829
0.00316922
0.00320557
0.00315617
0.00326893
0.00316171
0.00321533
0.0031998
0.00319689
0.00318294
0.00321015
0.00324293
0.00322483
0.00320006
0.0031496
0.00319266
0.00312428
0.00323988
0.00324328
0.00311033
0.00320108
0.00316425
0.00321288
0.00325355
0.0031633
0.00323948
0.00316737
0.00324899
0.0032284
0.00321531
0.00323923
0.00318513
0.00324552
0.00318232
0.00322925
0.00319936
0.00325118
0.00324909
0.00324037
0.00325916
0.0032274
0.00323833
0.00319822
0.00323013
0.00324934
0.00320955
0.00318875
0.00320861
0.00320036
0.0031953
0.00322355
0.00322913
0.00324657
0.00319843
0.00318057
0.00316965
0.0032541
0.00316829
0.00314782
0.00315838
0.00318108
0.00324961
0.00317576
0.00321346
0.00320074
0.00323431
0.00318727
0.00324197
0.00318216
0.0032203
0.00322696
0.00321986
0.00326192
0.00326332
0.00317025
0.00326136
0.00319765
0.00322399
0.00321221
0.00316466
0.00320363
0.00324301
0.00316456
0.00315864
0.00324839
0.00319631
0.00320472
0.00324108
0.00317289
0.00316201
0.00322183
0.00328048
0.0032533
0.00315601
0.00319182
0.00319255
0.00314944
0.00321498
0.00317718
0.0032826
0.00314598
0.00327931
0.00316829
0.00324299
0.00322044
0.00326448
0.00324804
0.00316627
0.00318978
0.00320833
0.00318845
0.00318717
0.00316192
0.00317713
0.0032178
0.00316829
0.00320461
0.00318754
0.00322565
0.00322288
0.00321286
0.00316269
0.00313677
0.00322514
0.00321872
0.00319412
0.00321986
0.00325573
0.00312865
0.00323238
0.00323727
0.00319978
0.00318985
0.003192
0.00319432
0.00319218
0.00314553
0.00317503
0.00323877
0.00327578
0.00321018
0.0032019
0.00320432
0.00323391
0.00319204
0.00317482
0.00312432
0.00308653
0.00318057
0.00313232
0.00323276
0.00318562
0.00324421
0.00320422
0.00320729
0.00318944
0.00322011
0.00317164
0.0033174
0.00319655
0.00318177
0.00325318
0.00316687
0.00320873
0.00317944
0.00323853
0.00313751
0.00317895
0.00314855
0.00321881
0.00320413
0.00331838
0.00322983
0.00316882
0.00321994
0.00325118
0.00319301
0.00320936
0.00319055
0.00327937
0.00323583
0.00327324
0.0032989
0.00329328
0.003182
0.00315968
0.00317633
0.00329523
0.00318918
0.0032089
0.00316905
0.00324197
0.00319004
0.00316285
0.00316871
0.00321889
0.00322935
0.00325166
0.00314225
0.00324737
0.00321885
0.0032082
0.00320063
0.0031873
0.00317335
0.00323
0.00325961
0.00317988
0.00321012
0.00322628
0.00325965
0.0032132
0.00322522
0.00324767
0.00326937
0.00318627
0.00317491
0.00315037
0.00318124
0.00320941
0.0032249
0.0031261
0.00321127
0.00320398
0.00323219
0.00321501
0.00315181
0.00319305
0.00329944
0.00322469
0.00327598
0.00317881
0.00321011
0.00315743
0.0032583
0.00325621
0.00316669
0.00324791
0.00325863
0.00315355
0.00320957
0.00325047
0.00319946
0.00320769
0.00317618
0.00325396
0.00327771
0.00324143
0.0032214
0.00322637
0.00321234
0.00324905
0.00322305
0.00328853
0.00308724
0.00319398
0.00321713
0.00323709
0.00324032
0.00311931
0.00315065
0.00316637
0.00317289
0.00318494
0.00319865
0.00323192
0.00321059
0.00318694
0.00327881
0.00315919
0.00320471
0.00320381
0.003267
0.00320675
0.00313509
0.00324087
0.00315937
0.00319939
0.00318624
0.00319643
0.00324556
0.00312814
0.00325818
0.00325395
0.00319934
0.00325554
0.00317786
0.00329241
0.00316252
0.00323552
0.00318881
0.00316182
0.0032139
0.00321916
0.00322497
0.00319703
0.00323536
0.00325152
0.00322881
0.00320513
0.00322252
0.00322263
0.00315086
0.00327414
0.00317683
0.00322937
0.00325275
0.00320162
0.0032719
0.0032726
0.003246
0.00321618
0.00321802
0.00315243
0.00328694
0.00325494
0.00321845
0.00316829
0.00315613
0.0032292
0.00315703
0.00321341
0.00326302
0.00315457
0.00321599
0.0032274
0.00321448
0.00312513
0.00317055
0.00331201
0.00320186
0.00323934
0.00324737
0.00324043
0.00318302
0.00322715
0.00315214
0.00319765
0.00317267
0.00323232
0.0032197
0.00319317
0.00320415
0.00321421
0.00322275
0.00328454
0.00320463
0.00324504
0.00322985
0.00316569
0.00322791
0.0032528
0.00321348
0.00317427
0.00320127
0.00316679
0.00327881
0.00323761
0.00320743
0.00323703
0.00323254
0.00314268
0.00318969
0.00320093
0.00320995
0.00317622
0.00317033
0.00328048
0.00317088
0.00323725
0.00324288
0.00318437
0.00328378
0.00319723
0.0032021
0.00319197
0.00324275
0.00325702
0.00319126
0.00329345
0.00307312
0.00312781
0.00316731
0.00321316
0.00319825
0.00322478
0.0032265
0.0032027
0.00324934
0.00324016
0.00321857
0.0032256
0.0032416
0.00320922
0.00323904
0.00318712
0.00322969
0.00325083
0.00322985
0.00318093
0.00324197
0.00319001
0.00326435
0.00317664
0.00317647
0.00324679
0.00321857
0.00316047
0.00322355
0.0032082
0.00323179
0.00324454
0.00316321
0.00321197
0.00321257
0.00317505
0.00317821
0.00319899
0.00330711
0.00317817
0.00322313
0.0031678
0.00323637
0.00325551
0.00322309
0.0032349
0.00311416
0.00317699
0.00321706
0.00326427
0.00320611
0.00316294
0.00316829
0.00322246
0.00314373
0.00318587
0.00324324
0.00319949
0.00321136
0.00329518
0.00321952
0.00321257
0.00321518
0.00314408
0.00321275
0.00326435
0.00320931
0.0031946
0.00317915
0.0032042
0.00318697
0.00322798
0.00322085
0.00325032
0.00322822
0.0031752
0.00322984
0.00323897
0.00316425
0.00321785
0.00329564
0.00321204
0.00321299
0.00323943
0.00323223
0.0032637
0.00314696
0.0032499
0.00322375
0.00322955
0.00320898
0.00312436
0.00325263
0.00326063
0.00320335
0.00320329
0.00325169
0.00322952
0.00315497
0.00317056
0.00322112
0.00321476
0.00319638
0.00317615
0.00317635
0.00323196
0.00325546
0.00321118
0.00317586
0.00321756
0.00323934
0.00327735
0.00317516
0.00318155
0.00318144
0.0031375
0.003162
0.0032398
0.00321309
0.00321195
0.00324819
0.003198
0.00327154
0.00320922
0.0031753
0.00323389
0.00321687
0.00327307
0.00325425
0.00328341
0.00318351
0.00322497
0.00320787
0.00322155
0.00317333
0.00321294
0.00323736
0.00323633
0.00320621
0.00319432
0.0031763
0.00326858
0.0031889
0.00322263
0.00318408
0.00322793
0.00321758
0.00317145
0.00326231
0.00317368
0.00318853
0.00324456
0.00324241
0.00324291
0.00320928
0.00317704
0.00322244
0.00327881
0.00326771
0.00319827
0.00322443
0.00319069
0.00317912
0.00321424
0.003217
0.00320881
0.00322572
0.00315768
0.00322923
0.00316954
0.00322969
0.00334579
0.00321844
0.00320788
0.00316076
0.00321501
0.00319438
0.00319892
0.00318375
0.00322982
0.00328727
0.00323567
0.00322612
0.00326062
0.00323583
0.00315298
0.00322401
0.00322044
0.00327991
0.00320714
0.00323535
0.00320513
0.00318334
0.0032039
0.00320829
0.00319144
0.00327144
0.00320182
0.0032364
0.00321183
0.00329563
0.00312039
0.00325249
0.0032193
0.00318719
0.00321224
0.00326944
0.00324019
0.0032138
0.00324784
0.00316962
0.00327687
0.00325636
0.00323511
0.00318579
0.00315186
0.00323189
0.00319655
0.00321278
0.00323243
0.00316084
0.00319336
0.00321832
0.00320006
0.00326823
0.00321587
0.00319689
0.00318647
0.00318408
0.00320369
0.00318959
0.00328589
0.00318595
0.00322332
0.00322315
0.00321916
0.00324972
0.00324594
0.00328116
0.0032164
0.00319386
0.00324537
0.00322907
0.00320885
0.0031708
0.00320074
0.00324433
0.00317881
0.00319173
0.00318971
0.00315459
0.00322125
0.00318353
0.00319549
0.00316922
0.00319694
0.00324333
0.00321773
0.003219
0.00323547
0.00320229
0.00320123
0.00321919
0.0031755
0.00328618
0.00313041
0.00320873
0.0032532
0.00317683
0.00317
0.00318057
0.00321051
0.0032678
0.00321063
0.00330189
0.00313336
0.00315754
0.00322192
0.00324003
0.00316043
0.00321565
0.00321076
0.00326499
0.00323714
0.00325077
0.00321072
0.00320743
0.00322776
0.00318302
0.00325118
0.00316274
0.0032125
0.00318816
0.00325383
0.00320886
0.00332766
0.0032349
0.00318537
0.00321557
0.0032025
0.00323828
0.0032406
0.00322996
0.00317387
0.00318278
0.00331516
0.00325723
0.00331325
0.00312337
0.00317485
0.00319644
0.00323428
0.00316199
0.00320979
0.00318763
0.00320702
0.00323263
0.00317682
0.00318768
0.00324744
0.00319685
0.00318435
0.00321422
0.00327724
0.00322578
0.00320303
0.00319004
0.00319967
0.00325739
0.00324585
0.00323087
0.00321022
0.00330417
0.00317959
0.00319872
0.0032728
0.00323709
0.00321476
0.00314902
0.00331619
0.00323712
0.00313882
0.00320321
0.0031631
0.00322559
0.0031972
0.00322435
0.00322733
0.00320554
0.00320274
0.00321053
0.00319809
0.00322605
0.00314076
0.00322125
0.00324296
0.00324286
0.00326849
0.00324055
0.00321464
0.00316999
0.00317739
0.00325939
0.00323778
0.00313145
0.00316514
0.00325425
0.00320296
0.00317945
0.00316184
0.00321664
0.00326111
0.00319244
0.00316302
0.00316969
0.00315708
0.00319103
0.00321462
0.00325374
0.003119
0.00328041
0.00318322
0.00320549
0.00320462
0.00321844
0.00322923
0.00319878
0.00324851
0.00326221
0.00327838
0.00321933
0.00317609
0.00322646
0.0032813
0.00324242
0.00318875
0.00321039
0.00321343
0.00325993
0.00329027
0.00324197
0.00321757
0.00321884
0.0032132
0.00328058
0.00315982
0.00319334
0.00319866
0.00328721
0.00317777
0.00324532
0.00323392
0.00320906
0.00319866
0.00319285
0.0032179
0.00320793
0.00317139
0.00318057
0.00327187
0.00319269
0.00323913
0.00322098
0.00327635
0.00319165
0.00315377
0.0032773
0.00320563
0.00323318
0.00319767
0.0032195
0.00319785
0.00316255
0.00314019
0.00313192
0.00318894
0.00317006
0.00322146
0.00319592
0.00321107
0.00322912
0.0032042
0.00317987
0.00327972
0.00318089
0.00319111
0.00320467
0.00316879
0.0032477
0.00324539
0.00320182
0.00323898
0.00314519
0.00324157
0.00318197
0.00318293
0.0032116
0.00324407
0.00313186
0.00315728
0.00326727
0.00320648
0.00323967
0.00317031
0.00321741
0.00318579
0.0031381
0.00320557
0.00325409
0.00320045
0.00318415
0.00320513
0.00319694
0.00322632
0.00319604
0.00327014
0.0032448
0.00320089
0.00319029
0.00324552
0.00319874
0.00322381
0.00323828
0.00322125
0.00323161
0.00325182
0.00319379
0.00323074
0.0032265
0.00322449
0.00329027
0.00329698
0.00318765
0.00320709
0.00321024
0.00319659
0.00327985
0.00319715
0.00319485
0.00323536
0.00320417
0.00317837
0.00317247
0.00323201
0.00311977
0.00323664
0.00319784
0.00319258
0.00321634
0.00317701
0.00320682
0.00329965
0.00323517
0.0032769
0.00316619
0.00319579
0.0032346
0.00321638
0.00321111
0.00321777
0.00323071
0.00311699
0.00316119
0.00327828
0.00324855
0.00323513
0.00316871
0.00321026
0.00321697
0.00321485
0.00316478
0.00321976
0.00325381
0.00320226
0.00320331
0.00327072
0.00321539
0.00320906
0.00320246
0.00321741
0.00323087
0.00317738
0.00320804
0.00311559
0.00324357
0.00325183
0.00314759
0.00328141
0.00326853
0.00320644
0.0031754
0.00321316
0.00321331
0.00321046
0.00316119
0.00330447
0.00312008
0.00322433
0.00318551
0.00313456
0.0032004
0.00320339
0.0031678
0.00331703
0.00324606
0.0032349
0.00320229
0.00315832
0.00320025
0.00330538
0.00325055
0.00320717
0.00316456
0.00316777
0.00318148
0.00324197
0.00317587
0.00321363
0.00320811
0.00316782
0.00320345
0.00323687
0.00322683
0.00317159
0.00312165
0.00320132
0.0032061
0.00324706
0.00315933
0.00322805
0.00328271
0.00322919
0.00323946
0.00326948
0.00313104
0.00321622
0.00318765
0.0031272
0.00321134
0.0032194
0.0032024
0.00316986
0.00312988
0.00320513
0.00317459
0.00318138
0.00321683
0.00326622
0.00318756
0.00323703
0.00319257
0.00318853
0.00324281
0.00319213
0.0032035
0.00324695
0.00317654
0.00318356
0.0032141
0.00322471
0.00323842
0.00318116
0.00320218
0.00321559
0.00317074
0.00320139
0.00329405
0.00325412
0.00323547
0.00328253
0.00322874
0.00326926
0.00324692
0.00320222
0.0032678
0.00319516
0.00321844
0.00320115
0.00316745
0.0032078
0.00319541
0.00319221
0.00322926
0.00320361
0.0031971
0.00322844
0.00328437
0.00320722
0.00327038
0.00316419
0.00316258
0.00326018
0.0032203
0.00325323
0.00322637
0.00313303
0.00321163
0.00324154
0.00322039
0.0031641
0.00313798
0.00321683
0.00322984
0.0032106
0.00320712
0.00319737
0.00319049
0.00322565
0.00320153
0.00317969
0.003257
0.0032415
0.00320337
0.00316944
0.00323126
0.00325385
0.00316102
0.00323615
0.00323858
0.00330355
0.00320378
0.00315941
0.00317494
0.00321807
0.00321472
0.00319786
0.00318228
0.00325951
0.00315706
0.00318622
0.00320196
0.00325369
0.00317566
0.00317992
0.00324287
0.00315443
0.00322281
0.00322277
0.00320758
0.00323706
0.00313189
0.00333284
0.00322471
0.00322355
0.00319678
0.00322006
0.00323113
0.00325728
0.00321659
0.00319602
0.00320513
0.00314736
0.00321314
0.003286
0.00329302
0.00318981
0.00324736
0.0032147
0.0032385
0.00316922
0.00319806
0.0031452
0.00326546
0.00323196
0.0032989
0.00318118
0.00319737
0.00315855
0.0032424
0.00314864
0.00324643
0.00318852
0.00330054
0.00324747
0.00322501
0.00328285
0.00321848
0.00319874
0.00327831
0.00326763
0.00318646
0.00316019
0.00319158
0.00319723
0.00320513
0.00319131
0.00326197
0.00327952
0.00314473
0.00320099
0.00329933
0.00320556
0.00322762
0.00317704
0.0032193
0.00331162
0.00320149
0.00328442
0.00326407
0.0031865
0.00325704
0.0032057
0.00322333
0.0031752
0.0032369
0.00319355
0.00323276
0.00316436
0.00324101
0.00325396
0.00315168
0.0032516
0.00318566
0.00313617
0.00320422
0.00324504
0.00315601
0.00321039
0.00320805
0.00315184
0.00318621
0.00312635
0.00325202
0.00328007
0.00324157
0.00322769
0.0032565
0.00317192
0.00325029
0.00322069
0.00320776
0.00324823
0.00320384
0.00318768
0.00313243
0.00320513
0.00324597
0.00323801
0.00328645
0.00317925
0.00324427
0.00321676
0.00323897
0.00321446
0.00317252
0.00322073
0.0032015
0.00330772
0.00322379
0.00320829
0.00323074
0.00319592
0.00317207
0.00320773
0.00319629
0.00322595
0.00318512
0.00329421
0.00319747
0.00318993
0.00319972
0.0032485
0.00327409
0.00320469
0.00321674
0.00328927
0.00325144
0.00317503
0.00326063
0.00322183
0.00320113
0.00322132
0.00318671
0.00322848
0.00319673
0.00322312
0.00325064
0.00318077
0.00320237
0.00319803
0.0030973
0.00321073
0.00321233
0.00317275
0.0031795
0.00320013
0.00321632
0.00318579
0.00317727
0.00324243
0.00317894
0.00320793
0.00321553
0.0032548
0.00317576
0.00324433
0.00327739
0.00318787
0.003266
0.00319503
0.00319994
0.00318593
0.00326711
0.003314
0.00321067
0.00324612
0.00327368
0.00327144
0.00325327
0.00320144
0.00321926
0.00325174
0.00320784
0.00326039
0.00319667
0.00320162
0.00327162
0.00326455
0.00325407
0.00327454
0.00326087
0.00324853
0.0032668
0.00330632
0.00321877
0.00316881
0.00323894
0.00319201
0.00322527
0.00331909
0.0032797
0.00321829
0.00329481
0.00322333
0.00314562
0.00323491
0.00329216
0.00321834
0.0032433
0.00322445
0.00319886
0.00327023
0.00323998
0.00323449
0.00318916
0.00325283
0.00316388
0.00321148
0.00324299
0.00326843
0.00322748
0.00324417
0.0032693
0.00323054
0.00324582
0.00317786
0.0032536
0.00321366
0.00327924
0.00324239
0.00328618
0.00328341
0.00321797
0.00323478
0.00327098
0.0031527
0.00322243
0.00322285
0.00320383
0.00316325
0.00323575
0.00326482
0.00330116
0.00325466
0.00328813
0.00322922
0.00321793
0.00321857
0.00320001
0.00321316
0.00322658
0.00329933
0.00324707
0.00317808
0.00328724
0.00324902
0.00330887
0.00328716
0.00318866
0.00325594
0.00322173
0.00322535
0.00322519
0.00320314
0.0032238
0.00331061
0.00321495
0.00321604
0.00322445
0.00318168
0.00320089
0.00324768
0.00324107
0.003234
0.00322868
0.00327008
0.00322857
0.00325995
0.00318671
0.00321057
0.00326855
0.00319213
0.00315752
0.00319617
0.00315692
0.0032742
0.00328201
0.0032301
0.00322068
0.00320306
0.00328652
0.00319806
0.00323051
0.00327126
0.00320513
0.00317469
0.0032346
0.0032246
0.00331077
0.00314841
0.00321609
0.00321268
0.00325598
0.00325797
0.00325064
0.00327105
0.00326165
0.0031646
0.00321634
0.0032536
0.00324923
0.00320314
0.00328585
0.00322355
0.00325967
0.00321761
0.00324993
0.00321844
0.0032406
0.00317838
0.00325572
0.00322792
0.00326138
0.00329788
0.0032539
0.00322857
0.00322692
0.0032335
0.00321376
0.00318101
0.00323027
0.00327343
0.00323904
0.00326203
0.00331374
0.00324111
0.00328813
0.00322748
0.00329969
0.00324501
0.00327257
0.00322952
0.00319013
0.00320288
0.00325871
0.00318494
0.00326555
0.0033443
0.00324902
0.00323469
0.00319137
0.00322884
0.00326973
0.00326866
0.00324241
0.00323955
0.00325242
0.00327784
0.00318246
0.00321756
0.00324695
0.0031752
0.00316092
0.00323897
0.00325302
0.00316735
0.00332358
0.00324757
0.00321986
0.00320864
0.00318947
0.00323634
0.00330828
0.00324867
0.00324404
0.00328024
0.00319569
0.00322672
0.00329323
0.00324059
0.00321445
0.00325148
0.00326458
0.00324942
0.00327084
0.00322104
0.00324934
0.00323788
0.00327542
0.00321063
0.00319907
0.00323287
0.00324148
0.00327508
0.00323404
0.00327024
0.00318419
0.00323426
0.00321757
0.0032031
0.00325975
0.00321409
0.00323943
0.00322355
0.00321472
0.00328863
0.00327135
0.00325425
0.00325916
0.00322912
0.00327513
0.00324723
0.00320513
0.00322241
0.00326272
0.00323157
0.00331656
0.00328683
0.00325521
0.00324703
0.00322821
0.00331565
0.0032399
0.00321794
0.00325001
0.00323562
0.00335769
0.00323613
0.0032667
0.00322672
0.00327466
0.00333277
0.0032025
0.00317624
0.00331353
0.00328522
0.00322789
0.00320814
0.00320927
0.00323897
0.00320702
0.00323162
0.00315698
0.00318746
0.00328555
0.00319689
0.00329603
0.00325327
0.00323951
0.00323167
0.00321165
0.00329767
0.00322544
0.00326039
0.00328971
0.00320973
0.00322014
0.00328444
0.00321039
0.00329793
0.0032885
0.00323265
0.00316783
0.0031903
0.00321667
0.00321672
0.00317654
0.00325829
0.00320412
0.00321777
0.00321757
0.00321142
0.0032
0.00327477
0.00328302
0.00318317
0.00320597
0.00312931
0.00325698
0.00320462
0.00327991
0.00331679
0.0032561
0.00323918
0.00329645
0.00317473
0.00325249
0.00327335
0.00318858
0.00316155
0.00321363
0.00322355
0.00317762
0.00319987
0.00323671
0.00326039
0.00318615
0.00317002
0.00327935
0
